Mplus VERSION 8.10
MUTHEN & MUTHEN
05/27/2025  10:51 PM

INPUT INSTRUCTIONS

  TITLE:
  Switzerland_2018_C4;
  DATA:
  FILE = "LPA/Switzerland/2018/Switzerland_2018_C4.dat";

  VARIABLE:
  NAMES = phy sle und sm alc;
   MISSING=.;
   USEVAR = phy sle und sm alc;
  CLASSES = C(4);
  ANALYSIS:
  ESTIMATOR = MLR;
                  TYPE = MIXTURE;
                  STARTS = 2000 500;
                  STITERATIONS = 100;
  MODEL:
  %OVERALL%

    [phy sle und sm alc];

    phy sle und sm alc;

  OUTPUT:
  TECH11 TECH14;
  SAVEDATA:
  FILE = CPROB_Switzerland_2018_C4.dat;
  SAVE = CPROB;
  PLOT:
  TYPE = PLOT3;
              SERIES = phy(1) sle(2) und(3) sm(4) alc(5);



*** WARNING in MODEL command
  All variables are uncorrelated with all other variables within class.
  Check that this is what is intended.
   1 WARNING(S) FOUND IN THE INPUT INSTRUCTIONS




Switzerland_2018_C4;

SUMMARY OF ANALYSIS

Number of groups                                                 1
Number of observations                                        7510

Number of dependent variables                                    5
Number of independent variables                                  0
Number of continuous latent variables                            0
Number of categorical latent variables                           1

Observed dependent variables

  Continuous
   PHY         SLE         UND         SM          ALC

Categorical latent variables
   C


Estimator                                                      MLR
Information matrix                                        OBSERVED
Optimization Specifications for the Quasi-Newton Algorithm for
Continuous Outcomes
  Maximum number of iterations                                 100
  Convergence criterion                                  0.100D-05
Optimization Specifications for the EM Algorithm
  Maximum number of iterations                                 500
  Convergence criteria
    Loglikelihood change                                 0.100D-06
    Relative loglikelihood change                        0.100D-06
    Derivative                                           0.100D-05
Optimization Specifications for the M step of the EM Algorithm for
Categorical Latent variables
  Number of M step iterations                                    1
  M step convergence criterion                           0.100D-05
  Basis for M step termination                           ITERATION
Optimization Specifications for the M step of the EM Algorithm for
Censored, Binary or Ordered Categorical (Ordinal), Unordered
Categorical (Nominal) and Count Outcomes
  Number of M step iterations                                    1
  M step convergence criterion                           0.100D-05
  Basis for M step termination                           ITERATION
  Maximum value for logit thresholds                            15
  Minimum value for logit thresholds                           -15
  Minimum expected cell size for chi-square              0.100D-01
Maximum number of iterations for H1                           2000
Convergence criterion for H1                             0.100D-03
Optimization algorithm                                         EMA
Random Starts Specifications
  Number of initial stage random starts                       2000
  Number of final stage optimizations                          500
  Number of initial stage iterations                           100
  Initial stage convergence criterion                    0.100D+01
  Random starts scale                                    0.500D+01
  Random seed for generating random starts                       0

Input data file(s)
  LPA/Switzerland/2018/Switzerland_2018_C4.dat
Input data format  FREE


SUMMARY OF DATA

     Number of missing data patterns            16
     Number of y missing data patterns          16
     Number of u missing data patterns           0


COVARIANCE COVERAGE OF DATA

Minimum covariance coverage value   0.100


     PROPORTION OF DATA PRESENT FOR Y


           Covariance Coverage
              PHY           SLE           UND           SM            ALC
              ________      ________      ________      ________      ________
 PHY            0.990
 SLE            0.981         0.991
 UND            0.990         0.990         0.999
 SM             0.984         0.985         0.993         0.994
 ALC            0.978         0.978         0.986         0.984         0.987



UNIVARIATE SAMPLE STATISTICS


     UNIVARIATE HIGHER-ORDER MOMENT DESCRIPTIVE STATISTICS

         Variable/         Mean/     Skewness/   Minimum/ % with                Percentiles
        Sample Size      Variance    Kurtosis    Maximum  Min/Max      20%/60%    40%/80%    Median

     PHY                  -0.076       0.141      -1.574   14.36%      -1.047     -0.520      0.007
            7438.000       0.971      -0.798       2.116    2.46%       0.007      1.062
     SLE                   0.043       0.547      -1.013   36.67%      -1.013     -0.261     -0.261
            7439.000       1.068      -0.999       1.994   10.51%       0.491      1.243
     UND                  -0.113       0.324      -3.155    0.01%      -0.897     -0.395     -0.144
            7506.000       0.966       0.064       3.871    0.01%       0.107      0.609
     SM                   -0.160       5.436      -0.302   93.66%      -0.302     -0.302     -0.302
            7463.000       0.436      30.252       4.302    1.22%      -0.302     -0.302
     ALC                  -0.369       3.691      -0.581   82.14%      -0.581     -0.581     -0.581
            7412.000       0.310      17.082       3.966    0.24%      -0.581     -0.581

RANDOM STARTS RESULTS RANKED FROM THE BEST TO THE WORST LOGLIKELIHOOD VALUES

Final stage loglikelihood values at local maxima, seeds, and initial stage start numbers:

          -31712.929  332986           1193
          -31712.929  737601           891
          -31712.929  551829           1466
          -31712.929  269874           1756
          -33003.901  126922           1124
          -33003.901  242621           1642
          -33003.901  182163           1264
          -33003.901  914193           1411
          -33003.901  539751           459
          -33003.901  499150           216
          -33003.901  423661           875
          -33003.901  710154           831
          -33003.901  703098           1700
          -33003.901  458181           189
          -33003.901  303959           1063
          -33003.901  610066           1438
          -33003.901  17359            227
          -33003.901  127362           757
          -33003.901  72344            897
          -33003.901  765589           1140
          -33003.901  666720           671
          -33003.901  546909           1769
          -33003.901  93856            1127
          -33003.901  502203           1322
          -33003.901  355254           796
          -33003.901  967237           48
          -33518.411  610181           711
          -33518.411  403287           1558
          -33518.411  574727           1437
          -33518.411  234137           1965
          -33518.411  810594           845
          -33518.411  356754           1372
          -33518.411  46552            1778
          -33518.411  567252           1843
          -33518.411  505082           1993
          -33518.411  374219           353
          -33518.411  207299           1039
          -33518.411  128569           1839
          -33518.411  158157           1183
          -33518.411  84013            598
          -33518.411  51375            148
          -33518.411  232015           1313
          -33518.411  838615           677
          -33518.411  153394           429
          -33518.411  294978           1100
          -33518.411  978153           1772
          -33518.411  907810           795
          -33518.411  847088           750
          -33518.411  944186           541
          -33934.654  360419           356
          -33934.654  348637           749
          -33934.654  170118           238
          -33934.654  908674           1748
          -33934.654  818353           1256
          -33934.654  602032           648
          -33934.654  400467           1806
          -33934.654  188640           451
          -33934.654  130541           896
          -33934.654  702670           1151
          -33934.654  173683           1833
          -33934.654  396795           323
          -33934.654  835019           1985
          -33934.654  170954           86
          -33934.654  679615           942
          -33954.682  582296           452
          -33954.682  178181           753
          -33954.682  208620           965
          -33954.682  159216           1423
          -34175.657  326091           759
          -34175.657  193990           1303
          -34175.657  789985           67
          -34175.657  461866           722
          -34175.657  835162           1038
          -34175.657  511988           1469
          -34175.657  7959             256
          -34175.657  798541           1266
          -34175.657  465160           862
          -34175.657  495995           1745
          -34175.657  209031           632
          -34175.657  842091           1373
          -34175.657  370481           742
          -34175.657  971853           402
          -34175.657  721392           768
          -34175.657  196948           1465
          -34175.657  195873           6
          -34175.657  96362            1801
          -34175.657  696878           1643
          -34175.657  399848           220
          -34175.657  600202           1115
          -34175.657  982520           737
          -34175.657  702492           718
          -34175.657  900631           774
          -34175.657  358488           264
          -34175.657  622896           1385
          -34175.657  917702           693
          -34175.657  3307             735
          -34175.657  737045           1638
          -34175.657  374630           1869
          -34175.657  344410           1940
          -34175.657  120506           45
          -34175.657  7886             804
          -34175.657  167409           772
          -34175.657  202790           198
          -34175.657  677062           680
          -34175.657  242713           1911
          -34175.657  569833           85
          -34175.657  326355           1576
          -34175.657  572637           989
          -34520.428  550871           1037
          -34520.428  879349           1459
          -34520.428  100874           108
          -34520.428  583281           1907
          -34520.428  438144           271
          -34520.428  933977           1918
          -34520.428  768687           1953
          -34520.428  197223           332
          -34520.428  460453           1708
          -34520.428  573096           20
          -34520.428  848163           47
          -34520.428  860940           1797
          -34520.428  802779           122
          -34520.428  468036           131
          -34520.428  930654           1156
          -34520.428  404917           1338
          -34520.428  247224           94
          -34520.428  937225           394
          -34520.428  145431           1920
          -34520.428  92689            304
          -34520.428  40588            1976
          -34520.428  606576           151
          -34520.428  216815           1600
          -34520.428  45696            1543
          -34520.428  44697            1792
          -34520.428  945083           1842
          -34520.428  736574           414
          -34520.428  405079           68
          -34520.428  170194           1653
          -34520.428  900817           1060
          -34520.428  544048           87
          -34520.428  387701           275
          -34520.428  452356           1341
          -34520.428  691615           1570
          -34520.428  435287           623
          -34520.428  723096           1388
          -34520.428  225539           1150
          -34520.428  699554           427
          -34520.428  437936           1717
          -34520.428  428893           1859
          -34520.428  816435           914
          -34520.428  286835           1969
          -34520.428  995249           525
          -34520.428  198008           1365
          -34520.428  529496           343
          -34520.428  466971           109
          -34520.428  125727           899
          -34520.428  298201           903
          -34520.428  73576            213
          -34520.428  496935           1805
          -34520.428  507154           387
          -34520.428  352269           1497
          -34520.428  586561           1735
          -34520.428  217990           1077
          -34520.428  100054           1225
          -34520.428  343926           624
          -34520.428  782200           84
          -34520.428  758647           951
          -34520.428  513949           1910
          -34520.428  949654           1704
          -34520.428  731610           1087
          -34520.428  102093           1521
          -34520.428  81954            1823
          -34520.428  137863           1030
          -34520.428  97223            1146
          -34520.428  848356           602
          -34520.428  443241           1636
          -34520.428  628143           854
          -34520.428  754485           1175
          -34520.428  195407           1278
          -34520.428  416250           390
          -34520.428  654136           167
          -34520.428  654884           1352
          -34520.428  206099           363
          -34520.428  321390           133
          -34520.428  311214           64
          -34520.428  458226           1078
          -34520.428  708128           1722
          -34520.428  816796           1728
          -34520.428  316165           299
          -34520.428  219602           1247
          -34520.428  571757           1268
          -34520.428  941975           816
          -34520.428  673496           218
          -34520.428  264901           634
          -34520.428  373691           1624
          -34520.428  501995           791
          -34520.428  607642           1838
          -34520.428  926797           406
          -34520.428  453384           1545
          -34520.428  688839           273
          -34520.428  404840           1210
          -34520.428  125750           1221
          -34520.428  224151           973
          -34520.428  917570           1168
          -34520.428  96941            890
          -34520.428  476498           179
          -34520.428  965639           463
          -34520.428  337381           1397
          -34520.428  58507            793
          -34520.428  280104           1875
          -34520.428  991399           1433
          -34520.428  535804           111
          -34520.428  985544           1051
          -34520.428  283146           1126
          -34520.428  127359           1737
          -34520.428  370434           1832
          -34520.428  719490           1780
          -34520.428  866261           1866
          -34520.428  897581           1204
          -34520.428  452792           1726
          -34520.428  881886           608
          -34520.428  745972           521
          -34520.428  150531           154
          -34520.428  727880           1547
          -34520.428  30098            209
          -34520.428  790059           469
          -34520.428  77596            1258
          -34520.428  813779           92
          -34520.428  493083           1370
          -34520.428  106244           1535
          -34520.428  262320           1744
          -34520.428  897910           1878
          -34522.340  625191           350
          -34522.340  869564           869
          -34522.340  789528           837
          -34522.340  496762           870
          -34522.340  690608           1800
          -34704.824  727176           861
          -34704.824  9311             1597
          -34704.824  635599           1361
          -34704.824  696266           1192
          -34704.824  965994           396
          -34704.824  377504           294
          -34704.824  496710           386
          -34704.824  11984            934
          -34704.824  275475           413
          -34704.824  122040           1231
          -34939.383  156147           1186
          -34939.383  407108           366
          -34939.383  341519           653
          -34939.383  696830           668
          -34939.383  765372           1123
          -34939.383  791285           416
          -34939.383  629320           222
          -34939.383  91710            1908
          -34939.383  262022           1467
          -34939.383  128045           1614
          -34939.383  726035           191
          -35182.608  137877           1679
          -35182.608  783165           170
          -35182.608  934216           1369
          -35182.608  34346            330
          -35182.608  261759           1972
          -35182.608  355253           1233
          -35182.608  872743           374
          -35182.608  798821           423
          -35182.608  829540           324
          -35182.608  637095           207
          -35182.608  752847           1109
          -35182.608  708207           1158
          -35182.608  313278           1887
          -35182.608  913926           1381
          -35182.608  124999           96
          -35182.608  529455           268
          -35182.608  923767           1979
          -35182.608  68985            17
          -35182.608  358115           1724
          -35182.608  534193           689
          -35182.608  529346           1633
          -35182.608  613723           1804
          -35182.608  131063           843
          -35182.608  471398           74
          -35182.608  981480           1025
          -35182.608  437181           135
          -35182.608  951709           348
          -35182.608  802928           892
          -35182.608  53089            1660
          -35182.608  652857           1254
          -35182.608  815445           1295
          -35182.608  345070           114
          -35182.608  560402           1532
          -35182.608  696773           80
          -35182.608  670595           1072
          -35182.608  855760           593
          -35182.608  903420           5
          -35182.608  568405           233
          -35182.608  226337           1582
          -35182.608  153153           1763
          -35182.608  277373           1374
          -35182.608  141203           1639
          -35182.608  4091             548
          -35182.608  235969           1579
          -35182.608  948615           140
          -35182.608  674786           1496
          -35182.608  227786           1964
          -35182.608  369602           146
          -35182.608  537905           1335
          -35182.608  526230           1589
          -35182.608  712296           1243
          -35182.608  636396           168
          -35182.608  68291            1565
          -35182.608  542577           1004
          -35182.608  663090           906
          -35182.608  622860           259
          -35182.608  685268           596
          -35182.608  970728           1371
          -35182.608  76736            1142
          -35182.608  803696           1340
          -35182.608  321574           1185
          -35182.608  168199           1155
          -35182.608  65952            933
          -35182.608  94610            884
          -35182.608  189463           1961
          -35182.608  298997           1315
          -35182.608  739214           807
          -35182.608  152496           123
          -35182.608  544077           809
          -35182.608  287787           1630
          -35182.608  384859           1530
          -35182.608  878749           728
          -35182.608  131856           90
          -35182.608  242970           1945
          -35182.608  399380           436
          -35182.608  22874            588
          -35182.608  692169           308
          -35182.608  592043           1090
          -35182.608  119225           1658
          -35182.608  960438           116
          -35182.608  682178           1344
          -35182.608  331681           549
          -35182.608  372158           1404
          -35182.608  977507           1716
          -35182.608  10968            1492
          -35182.608  586619           1837
          -35182.608  288738           940
          -35182.608  882750           646
          -35182.608  743895           1198
          -35182.608  383902           673
          -35182.608  347886           1463
          -35182.608  238317           812
          -35182.608  115653           1387
          -35182.608  354624           448
          -35182.608  884242           957
          -35182.608  767822           1293
          -35182.608  691234           250
          -35265.526  612578           1512
          -35265.526  913639           162
          -35265.526  72866            692
          -35265.526  564643           1955
          -35498.049  340112           126
          -35498.049  588923           606
          -35498.049  242966           1523
          -35498.049  461409           1310
          -35498.049  648352           1615
          -35498.049  955502           1119
          -35498.049  207917           976
          -35498.049  225932           1285
          -35498.049  659773           663
          -35498.049  995913           787
          -35498.049  670998           1876
          -35656.478  205875           1635
          -35656.478  925994           1386
          -35656.478  457017           1762
          -35656.478  850840           232
          -35656.478  415538           1196
          -35656.478  213532           503
          -35656.478  631413           439
          -35656.478  503540           1984
          -35656.478  201311           1995
          -35656.478  499347           881
          -35656.478  845197           1456
          -35656.478  95624            1605
          -35656.478  578623           1849
          -35656.478  197701           1770
          -35656.478  346843           1316
          -35656.478  926283           269
          -35656.478  901159           1166
          -35656.478  102845           1640
          -35656.478  484501           163
          -35656.478  175820           1040
          -35656.478  404042           675
          -35656.478  341960           685
          -35656.478  592494           1855
          -35656.478  554483           1182
          -35656.478  685140           1450
          -35656.478  774692           1764
          -35656.478  821011           161
          -35656.478  230121           1391
          -35656.478  319575           499
          -35656.478  538669           1334
          -35656.478  964999           1522
          -35656.478  975027           1552
          -35656.478  626208           698
          -35656.478  576783           866
          -35656.478  414284           158
          -35656.478  88437            761
          -35656.478  208797           931
          -35656.478  715255           523
          -35656.478  217744           326
          -35656.478  523233           1487
          -35656.478  252020           1585
          -35656.478  607263           1121
          -35656.478  322790           636
          -35656.478  710833           1179
          -35656.478  990548           1276
          -35656.478  622290           880
          -35656.478  78862            529
          -35656.478  284384           600
          -35656.478  392766           331
          -35656.478  845617           1262
          -35656.478  506886           576
          -35656.478  148918           682
          -35656.478  197385           1259
          -35656.478  74838            1367
          -35656.478  63231            935
          -35656.478  824126           287
          -35656.478  898745           466
          -35656.478  922596           456
          -35656.478  3137             1321
          -35656.478  937727           1011
          -35656.478  705445           1117
          -35656.478  748692           204
          -35656.478  246794           801
          -35656.478  427006           839
          -35656.478  670281           721
          -35656.478  453260           1106
          -35656.478  850112           922
          -35656.478  741484           441
          -35656.478  232226           235
          -35656.478  732596           320
          -35656.478  263394           1741
          -35656.478  836345           1752
          -35656.478  620550           1992
          -35656.478  117731           570
          -35656.478  353772           1508
          -35656.478  505528           1604
          -35656.478  999211           628
          -35656.478  87856            1116
          -35656.478  426364           1325
          -35656.478  595190           1554
          -35656.478  804616           868
          -35656.478  372176           23
          -35683.761  990489           1167
          -35683.761  555330           1400
          -35683.761  502495           724
          -35683.761  964389           1223
          -35683.761  289415           1086
          -35683.761  300697           820
          -35683.761  802644           874
          -35683.761  780698           337
          -35683.761  413564           535
          -35683.761  59674            240
          -35683.761  661919           1062
          -35683.761  788599           1180
          -35683.761  664562           1138
          -35683.761  592219           119
          -35683.761  278692           342
          -35683.761  895878           1216
          -35683.761  667250           318
          -35727.993  597614           284
          -35727.993  295033           1052
          -36098.915  264081           186
          -36098.915  194143           510
          -36098.915  317868           740
          -36098.915  867231           1846
          -36098.915  15715            274
          -36098.915  899876           1808
          -36098.915  16096            1147
          -36098.915  661337           1754
          -36098.915  33659            1435
          -36098.915  282261           1274
          -36098.915  794236           127
          -36098.915  460521           1032
          -36098.915  86698            893
          -36098.915  338892           1432
          -36098.915  490123           995
          -36098.915  75168            1160
          -36098.915  165822           1803
          -36098.915  112586           494
          -36098.915  331259           1947
          -36098.915  953843           651
          -36098.915  420322           1165
          -36098.915  69133            1097
          -36098.915  140864           1776
          -36098.915  553953           1595
          -36098.915  528938           1898
          -36098.915  988537           1980
          -36098.915  686384           690
          -36098.915  132387           1203
          -36098.915  665858           1238
          -36098.915  704798           530



THE BEST LOGLIKELIHOOD VALUE HAS BEEN REPLICATED.  RERUN WITH AT LEAST TWICE THE
RANDOM STARTS TO CHECK THAT THE BEST LOGLIKELIHOOD IS STILL OBTAINED AND REPLICATED.

     THE STANDARD ERRORS OF THE MODEL PARAMETER ESTIMATES MAY NOT BE
     TRUSTWORTHY FOR SOME PARAMETERS DUE TO A NON-POSITIVE DEFINITE
     FIRST-ORDER DERIVATIVE PRODUCT MATRIX.  THIS MAY BE DUE TO THE STARTING
     VALUES BUT MAY ALSO BE AN INDICATION OF MODEL NONIDENTIFICATION.  THE
     CONDITION NUMBER IS      -0.269D-18.  PROBLEM INVOLVING THE FOLLOWING PARAMETER:
     Parameter 14, %C#2%: [ SM ]


THE MODEL ESTIMATION TERMINATED NORMALLY



MODEL FIT INFORMATION

Number of Free Parameters                       28

Loglikelihood

          H0 Value                      -31712.929
          H0 Scaling Correction Factor      3.7330
            for MLR

Information Criteria

          Akaike (AIC)                   63481.858
          Bayesian (BIC)                 63675.730
          Sample-Size Adjusted BIC       63586.752
            (n* = (n + 2) / 24)



FINAL CLASS COUNTS AND PROPORTIONS FOR THE LATENT CLASSES
BASED ON THE ESTIMATED MODEL

    Latent
   Classes

       1        100.02295          0.01332
       2       7032.31514          0.93639
       3        251.72097          0.03352
       4        125.94094          0.01677


FINAL CLASS COUNTS AND PROPORTIONS FOR THE LATENT CLASSES
BASED ON ESTIMATED POSTERIOR PROBABILITIES

    Latent
   Classes

       1        100.02295          0.01332
       2       7032.31514          0.93639
       3        251.72097          0.03352
       4        125.94094          0.01677


FINAL CLASS COUNTS AND PROPORTIONS FOR THE LATENT CLASSES
BASED ON THEIR MOST LIKELY LATENT CLASS MEMBERSHIP

Class Counts and Proportions

    Latent
   Classes

       1               99          0.01318
       2             7035          0.93675
       3              250          0.03329
       4              126          0.01678


CLASSIFICATION QUALITY

     Entropy                         0.999


Average Latent Class Probabilities for Most Likely Latent Class Membership (Row)
by Latent Class (Column)

           1        2        3        4

    1   1.000    0.000    0.000    0.000
    2   0.000    1.000    0.000    0.000
    3   0.000    0.000    1.000    0.000
    4   0.003    0.002    0.002    0.993


Classification Probabilities for the Most Likely Latent Class Membership (Column)
by Latent Class (Row)

           1        2        3        4

    1   0.990    0.007    0.000    0.003
    2   0.000    1.000    0.000    0.000
    3   0.000    0.006    0.993    0.001
    4   0.000    0.006    0.000    0.994


Logits for the Classification Probabilities for the Most Likely Latent Class Membership (Column)
by Latent Class (Row)

              1        2        3        4

    1      5.648    0.659   -8.157    0.000
    2     -3.377   10.438   -3.377    0.000
    3     -7.093    1.544    6.716    0.000
    4    -13.809   -5.054  -13.809    0.000


MODEL RESULTS

                                                    Two-Tailed
                    Estimate       S.E.  Est./S.E.    P-Value

Latent Class 1

 Means
    PHY                0.383      0.092      4.137      0.000
    SLE                0.210      0.103      2.040      0.041
    UND                0.273      0.106      2.573      0.010
    SM                 2.372      0.039     61.556      0.000
    ALC                0.654      0.103      6.372      0.000

 Variances
    PHY                0.965      0.012     78.484      0.000
    SLE                1.063      0.012     85.645      0.000
    UND                0.951      0.016     60.644      0.000
    SM                 0.008      0.000     16.535      0.000
    ALC                0.248      0.013     19.669      0.000

Latent Class 2

 Means
    PHY               -0.094      0.012     -7.990      0.000
    SLE                0.025      0.012      2.026      0.043
    UND               -0.145      0.012    -12.498      0.000
    SM                -0.302      0.000  *********      0.000
    ALC               -0.430      0.005    -80.749      0.000

 Variances
    PHY                0.965      0.012     78.484      0.000
    SLE                1.063      0.012     85.645      0.000
    UND                0.951      0.016     60.644      0.000
    SM                 0.008      0.000     16.535      0.000
    ALC                0.248      0.013     19.669      0.000

Latent Class 3

 Means
    PHY                0.064      0.064      1.011      0.312
    SLE                0.303      0.067      4.492      0.000
    UND                0.359      0.064      5.641      0.000
    SM                 0.671      0.021     31.237      0.000
    ALC                0.250      0.054      4.600      0.000

 Variances
    PHY                0.965      0.012     78.484      0.000
    SLE                1.063      0.012     85.645      0.000
    UND                0.951      0.016     60.644      0.000
    SM                 0.008      0.000     16.535      0.000
    ALC                0.248      0.013     19.669      0.000

Latent Class 4

 Means
    PHY                0.275      0.097      2.831      0.005
    SLE                0.424      0.111      3.807      0.000
    UND                0.440      0.093      4.732      0.000
    SM                 4.098      0.030    134.577      0.000
    ALC                1.013      0.115      8.801      0.000

 Variances
    PHY                0.965      0.012     78.484      0.000
    SLE                1.063      0.012     85.645      0.000
    UND                0.951      0.016     60.644      0.000
    SM                 0.008      0.000     16.535      0.000
    ALC                0.248      0.013     19.669      0.000

Categorical Latent Variables

 Means
    C#1               -0.230      0.135     -1.711      0.087
    C#2                4.022      0.090     44.579      0.000
    C#3                0.693      0.110      6.318      0.000


QUALITY OF NUMERICAL RESULTS

     Condition Number for the Information Matrix             -0.269E-18
       (ratio of smallest to largest eigenvalue)


TECHNICAL 11 OUTPUT

     Random Starts Specifications for the k-1 Class Analysis Model
        Number of initial stage random starts                2000
        Number of final stage optimizations                   500



     VUONG-LO-MENDELL-RUBIN LIKELIHOOD RATIO TEST FOR 3 (H0) VERSUS 4 CLASSES

          H0 Loglikelihood Value                       -35431.290
          2 Times the Loglikelihood Difference           7436.723
          Difference in the Number of Parameters                6
          Mean                                            815.284
          Standard Deviation                              959.892
          P-Value                                          0.0003

     LO-MENDELL-RUBIN ADJUSTED LRT TEST

          Value                                          7300.379
          P-Value                                          0.0004


TECHNICAL 14 OUTPUT

     Random Starts Specifications for the k-1 Class Analysis Model
        Number of initial stage random starts                2000
        Number of final stage optimizations                   500

     Random Starts Specification for the k-1 Class Model for Generated Data
        Number of initial stage random starts                   0
        Number of final stage optimizations for the
           initial stage random starts                          0
     Random Starts Specification for the k Class Model for Generated Data
        Number of initial stage random starts                  40
        Number of final stage optimizations                     8
     Number of bootstrap draws requested                   Varies


     PARAMETRIC BOOTSTRAPPED LIKELIHOOD RATIO TEST FOR 3 (H0) VERSUS 4 CLASSES

          H0 Loglikelihood Value                       -35431.290
          2 Times the Loglikelihood Difference           7436.723
          Difference in the Number of Parameters                6
          Approximate P-Value                              0.0000
          Successful Bootstrap Draws                            5


PLOT INFORMATION

The following plots are available:

  Histograms (sample values)
  Scatterplots (sample values)
  Sample means
  Estimated means, medians, modes, and percentiles
  Sample and estimated means
  Observed individual values
  Estimated means and observed individual values
  Estimated overall and class-specific distributions

SAVEDATA INFORMATION


  Save file
    CPROB_Switzerland_2018_C4.dat

  Order and format of variables

    PHY            F10.3
    SLE            F10.3
    UND            F10.3
    SM             F10.3
    ALC            F10.3
    CPROB1         F10.3
    CPROB2         F10.3
    CPROB3         F10.3
    CPROB4         F10.3
    C              F10.3

  Save file format
    10F10.3

  Save file record length    10000

  Save missing symbol        *


     Beginning Time:  22:51:22
        Ending Time:  22:58:27
       Elapsed Time:  00:07:05



MUTHEN & MUTHEN
3463 Stoner Ave.
Los Angeles, CA  90066

Tel: (310) 391-9971
Fax: (310) 391-8971
Web: www.StatModel.com
Support: Support@StatModel.com

Copyright (c) 1998-2023 Muthen & Muthen
