Mplus VERSION 8.10
MUTHEN & MUTHEN
05/27/2025   6:10 PM

INPUT INSTRUCTIONS

  TITLE:
  Switzerland_C4;
  DATA:
  FILE = "LPA/Switzerland/Switzerland_C4.dat";

  VARIABLE:
  NAMES = phy sle und sm alc;
   MISSING=.;
   USEVAR = phy sle und sm alc;
  CLASSES = C(4);
  ANALYSIS:
  ESTIMATOR = MLR;
                  TYPE = MIXTURE;
                  STARTS = 2000 500;
                  STITERATIONS = 100;
  MODEL:
  %OVERALL%

    [phy sle und sm alc];

    phy sle und sm alc;

  OUTPUT:
  TECH11 TECH14;
  SAVEDATA:
  FILE = CPROB_Switzerland_C4.dat;
  SAVE = CPROB;
  PLOT:
  TYPE = PLOT3;
              SERIES = phy(1) sle(2) und(3) sm(4) alc(5);



*** WARNING in MODEL command
  All variables are uncorrelated with all other variables within class.
  Check that this is what is intended.
   1 WARNING(S) FOUND IN THE INPUT INSTRUCTIONS




Switzerland_C4;

SUMMARY OF ANALYSIS

Number of groups                                                 1
Number of observations                                       30122

Number of dependent variables                                    5
Number of independent variables                                  0
Number of continuous latent variables                            0
Number of categorical latent variables                           1

Observed dependent variables

  Continuous
   PHY         SLE         UND         SM          ALC

Categorical latent variables
   C


Estimator                                                      MLR
Information matrix                                        OBSERVED
Optimization Specifications for the Quasi-Newton Algorithm for
Continuous Outcomes
  Maximum number of iterations                                 100
  Convergence criterion                                  0.100D-05
Optimization Specifications for the EM Algorithm
  Maximum number of iterations                                 500
  Convergence criteria
    Loglikelihood change                                 0.100D-06
    Relative loglikelihood change                        0.100D-06
    Derivative                                           0.100D-05
Optimization Specifications for the M step of the EM Algorithm for
Categorical Latent variables
  Number of M step iterations                                    1
  M step convergence criterion                           0.100D-05
  Basis for M step termination                           ITERATION
Optimization Specifications for the M step of the EM Algorithm for
Censored, Binary or Ordered Categorical (Ordinal), Unordered
Categorical (Nominal) and Count Outcomes
  Number of M step iterations                                    1
  M step convergence criterion                           0.100D-05
  Basis for M step termination                           ITERATION
  Maximum value for logit thresholds                            15
  Minimum value for logit thresholds                           -15
  Minimum expected cell size for chi-square              0.100D-01
Maximum number of iterations for H1                           2000
Convergence criterion for H1                             0.100D-03
Optimization algorithm                                         EMA
Random Starts Specifications
  Number of initial stage random starts                       2000
  Number of final stage optimizations                          500
  Number of initial stage iterations                           100
  Initial stage convergence criterion                    0.100D+01
  Random starts scale                                    0.500D+01
  Random seed for generating random starts                       0

Input data file(s)
  LPA/Switzerland/Switzerland_C4.dat
Input data format  FREE


SUMMARY OF DATA

     Number of missing data patterns            26
     Number of y missing data patterns          26
     Number of u missing data patterns           0


COVARIANCE COVERAGE OF DATA

Minimum covariance coverage value   0.100


     PROPORTION OF DATA PRESENT FOR Y


           Covariance Coverage
              PHY           SLE           UND           SM            ALC
              ________      ________      ________      ________      ________
 PHY            0.987
 SLE            0.972         0.984
 UND            0.985         0.983         0.998
 SM             0.981         0.979         0.992         0.994
 ALC            0.975         0.973         0.986         0.985         0.988



UNIVARIATE SAMPLE STATISTICS


     UNIVARIATE HIGHER-ORDER MOMENT DESCRIPTIVE STATISTICS

         Variable/         Mean/     Skewness/   Minimum/ % with                Percentiles
        Sample Size      Variance    Kurtosis    Maximum  Min/Max      20%/60%    40%/80%    Median

     PHY                   0.000       0.025      -1.574   13.78%      -1.047     -0.520      0.007
           29728.000       1.000      -0.884       2.116    2.40%       0.534      1.062
     SLE                   0.000       0.589      -1.013   37.10%      -1.013     -0.261     -0.261
           29655.000       1.000      -0.890       1.994    8.70%       0.491      1.243
     UND                   0.000       0.225      -3.155    0.00%      -0.897     -0.395     -0.144
           30055.000       1.000      -0.107       3.871    0.02%       0.107      0.860
     SM                    0.000       3.473      -0.302   89.79%      -0.302     -0.302     -0.302
           29942.000       1.000      11.065       4.302    3.64%      -0.302     -0.302
     ALC                   0.000       1.849      -0.581   67.21%      -0.581     -0.581     -0.581
           29751.000       1.000       2.803       3.966    0.81%      -0.581      0.556

RANDOM STARTS RESULTS RANKED FROM THE BEST TO THE WORST LOGLIKELIHOOD VALUES

Final stage loglikelihood values at local maxima, seeds, and initial stage start numbers:

         -140544.490  7959             256
         -140544.490  173683           1833
         -140544.490  702670           1151
         -140544.490  358488           264
         -140544.490  51375            148
         -140544.490  818353           1256
         -140544.490  96362            1801
         -140544.490  208620           965
         -140544.490  610066           1438
         -140544.490  588923           606
         -140544.490  182163           1264
         -140544.490  967237           48
         -140544.490  127362           757
         -140544.490  737601           891
         -140544.490  262022           1467
         -140544.490  499150           216
         -140544.490  360419           356
         -140544.490  835162           1038
         -140544.490  582296           452
         -140544.490  303959           1063
         -141551.692  400467           1806
         -141551.692  370434           1832
         -141582.622  269874           1756
         -164741.504  551829           1466
         -164741.504  128569           1839
         -164741.504  466971           109
         -164741.504  438144           271
         -164741.504  303429           1016
         -164741.504  348637           749
         -164741.504  572637           989
         -164741.504  332986           1193
         -164741.504  355254           796
         -164741.504  622896           1385
         -164741.504  667250           318
         -164741.504  93856            1127
         -164741.504  167409           772
         -164741.504  710154           831
         -164741.504  802682           419
         -164741.504  242713           1911
         -164741.504  501995           791
         -164741.504  188640           451
         -164741.504  847088           750
         -164741.504  602032           648
         -164741.504  955502           1119
         -164741.504  913639           162
         -164741.504  72344            897
         -164741.504  679615           942
         -164741.504  207917           976
         -164741.504  990489           1167
         -164741.504  158157           1183
         -164741.504  65562            1395
         -164741.504  907810           795
         -164741.504  508445           946
         -164741.504  100874           108
         -164741.504  798541           1266
         -164741.504  548245           818
         -164741.504  178181           753
         -164741.504  727176           861
         -164741.504  990548           1276
         -164741.504  234137           1965
         -164741.504  47719            962
         -164741.504  458181           189
         -164741.504  503540           1984
         -164741.504  824126           287
         -164741.504  571757           1268
         -164741.504  765589           1140
         -164741.504  661337           1754
         -164741.504  370481           742
         -164741.504  505082           1993
         -164741.504  374219           353
         -164741.504  971853           402
         -164741.504  987012           1067
         -164741.504  513949           1910
         -164741.504  574727           1437
         -164741.504  612578           1512
         -164741.504  666720           671
         -164741.504  758647           951
         -164741.504  326091           759
         -164741.504  835019           1985
         -164741.504  356754           1372
         -164741.504  153394           429
         -164741.504  559773           1440
         -164741.504  295033           1052
         -164741.504  567252           1843
         -164741.504  511988           1469
         -164741.504  564643           1955
         -164741.504  726744           939
         -164741.504  242966           1523
         -164741.504  629320           222
         -164741.504  262320           1744
         -164741.504  453260           1106
         -164741.504  770182           1015
         -164741.504  461409           1310
         -164741.504  800454           751
         -164741.504  17359            227
         -164741.504  539751           459
         -164741.504  290366           1715
         -164741.504  766903           505
         -164741.504  154044           1581
         -165150.779  985544           1051
         -165150.779  427006           839
         -165150.779  507154           387
         -165150.779  459221           652
         -165150.779  729232           1892
         -165150.779  889774           954
         -165150.779  659773           663
         -165150.779  175583           1362
         -165150.779  897581           1204
         -165150.779  907342           1133
         -165150.779  97223            1146
         -165150.779  654136           167
         -165150.779  145431           1920
         -165150.779  638032           1706
         -165150.779  77596            1258
         -165150.779  904490           1930
         -165150.779  606576           151
         -165150.779  816435           914
         -165150.779  247224           94
         -165150.779  199639           1094
         -165150.779  702492           718
         -165150.779  224151           973
         -165150.779  476498           179
         -165150.779  690608           1800
         -165150.779  402699           604
         -165150.779  788599           1180
         -165150.779  3307             735
         -165150.779  392766           331
         -165150.779  614535           449
         -165150.779  139018           1714
         -165150.779  172913           557
         -165150.779  404917           1338
         -165150.779  535063           329
         -165150.779  721392           768
         -165150.779  782179           835
         -165150.779  90218            1932
         -165150.779  266349           1989
         -165150.779  995249           525
         -165150.779  933977           1918
         -165150.779  592219           119
         -165150.779  172133           1697
         -165150.779  340112           126
         -165150.779  860940           1797
         -165150.779  783102           433
         -165150.779  895878           1216
         -165150.779  521575           313
         -165150.779  662524           1414
         -165150.779  600202           1115
         -165150.779  797594           234
         -165150.779  915642           40
         -165150.779  206099           363
         -165150.779  216815           1600
         -165150.779  495995           1745
         -165150.779  664562           1138
         -165150.779  215353           164
         -165150.779  685140           1450
         -165150.779  314034           513
         -165150.779  917570           1168
         -165150.779  608496           4
         -165150.779  941975           816
         -165150.779  964389           1223
         -165150.779  40588            1976
         -165150.779  496935           1805
         -165150.779  816796           1728
         -165150.779  240994           1598
         -165150.779  982520           737
         -165150.779  535804           111
         -165150.779  428893           1859
         -165150.779  387016           1035
         -165150.779  688839           273
         -165150.779  628143           854
         -165150.779  932449           1956
         -165150.779  458226           1078
         -165150.779  505879           424
         -165150.779  358115           1724
         -165150.779  804561           59
         -165150.779  712296           1243
         -165150.779  281558           184
         -165150.779  945083           1842
         -165150.779  49293            707
         -165150.779  195407           1278
         -165150.779  437936           1717
         -165150.779  516908           1977
         -165150.779  900817           1060
         -165150.779  918558           412
         -165150.779  170194           1653
         -165150.779  341960           685
         -165150.779  976103           1289
         -165150.779  100054           1225
         -165150.779  405079           68
         -165150.779  311214           64
         -165150.779  502495           724
         -165150.779  866261           1866
         -165150.779  610181           711
         -165150.779  846194           93
         -165150.779  404840           1210
         -165150.779  550871           1037
         -165150.779  346843           1316
         -165150.779  620550           1992
         -165150.779  461866           722
         -165150.779  526742           1546
         -165150.779  373815           618
         -165150.779  930654           1156
         -165150.779  879349           1459
         -165150.779  836066           372
         -165150.779  617243           237
         -165150.779  673336           1899
         -165150.779  343926           624
         -165150.779  607642           1838
         -165150.779  126922           1124
         -165150.779  769072           1286
         -165150.779  853195           431
         -165150.779  737045           1638
         -165150.779  990491           1709
         -165150.779  125089           1730
         -165150.779  264901           634
         -165150.779  373691           1624
         -165150.779  926797           406
         -165150.779  881886           608
         -165150.779  569833           85
         -165150.779  209031           632
         -165150.779  782200           84
         -165150.779  583281           1907
         -165150.779  317444           1136
         -165150.779  197223           332
         -165150.779  435506           988
         -165150.779  654884           1352
         -165150.779  59674            240
         -165150.779  338766           1131
         -165150.779  150531           154
         -165150.779  58507            793
         -165150.779  473343           844
         -165150.779  719490           1780
         -165150.779  125727           899
         -165150.779  44697            1792
         -165150.779  452356           1341
         -165150.779  860029           760
         -165150.779  351622           551
         -165150.779  256781           1448
         -165150.779  74518            927
         -165150.779  465160           862
         -165150.779  298201           903
         -165150.779  353696           1070
         -165150.779  869564           869
         -165150.779  127359           1737
         -165150.779  511170           1813
         -165150.779  125750           1221
         -165150.779  317868           740
         -165150.779  401377           1889
         -165150.779  226337           1582
         -165150.779  202790           198
         -165150.779  337381           1397
         -165150.779  374630           1869
         -165150.779  207896           25
         -165150.779  708128           1722
         -165150.779  300697           820
         -165150.779  900631           774
         -165150.779  280104           1875
         -165150.779  581196           921
         -165150.779  193990           1303
         -165150.779  696878           1643
         -165150.779  46437            153
         -165150.779  271809           846
         -165150.779  860772           174
         -165150.779  45696            1543
         -165150.779  496762           870
         -165150.779  198305           1825
         -165150.779  783110           72
         -165150.779  44679            1591
         -165150.779  242621           1642
         -165150.779  842091           1373
         -165150.779  940258           1242
         -165150.779  562716           300
         -165150.779  703313           1415
         -165150.779  521770           945
         -165150.779  727880           1547
         -165150.779  460453           1708
         -165150.779  132336           362
         -165150.779  802779           122
         -165150.779  925994           1386
         -165150.779  441191           361
         -165150.779  668003           647
         -165150.779  625191           350
         -165150.779  673496           218
         -165150.779  170954           86
         -165150.779  964999           1522
         -165150.779  378393           509
         -165150.779  848356           602
         -165150.779  40327            971
         -165150.779  452792           1726
         -165150.779  252175           1520
         -165150.779  316165           299
         -167465.413  46552            1778
         -167465.413  156147           1186
         -167465.413  726035           191
         -167465.413  613723           1804
         -167465.413  635599           1361
         -167465.413  696266           1192
         -167465.413  84013            598
         -167465.413  132387           1203
         -167465.413  11984            934
         -167465.413  122040           1231
         -167465.413  355674           540
         -167465.413  544048           87
         -167465.413  638577           769
         -167465.413  238317           812
         -167465.413  275475           413
         -167465.413  9311             1597
         -167465.413  313278           1887
         -167465.413  496710           386
         -167465.413  914193           1411
         -167465.413  34346            330
         -167465.413  321574           1185
         -167465.413  377504           294
         -167866.586  996270           1572
         -167866.586  977507           1716
         -167866.586  696830           668
         -167866.586  168648           1788
         -167866.586  617658           660
         -167866.586  25127            107
         -167866.586  812408           1705
         -167866.586  235969           1579
         -167866.586  868600           1707
         -167866.586  53089            1660
         -167866.586  914505           838
         -167866.586  407168           44
         -167866.586  452297           1068
         -167866.586  377584           630
         -167866.586  934216           1369
         -167866.586  868112           1484
         -167866.586  674786           1496
         -167866.586  738142           1970
         -167866.586  288738           940
         -167866.586  704798           530
         -167866.586  717754           180
         -167866.586  636396           168
         -167866.586  942358           644
         -167866.586  845580           805
         -167866.586  153153           1763
         -167866.586  878749           728
         -167866.586  903420           5
         -167866.586  137654           1084
         -167866.586  344689           1354
         -167866.586  714997           399
         -167866.586  157351           579
         -167866.586  65952            933
         -167866.586  752847           1109
         -167866.586  965994           396
         -167866.586  537905           1335
         -167866.586  857122           889
         -167866.586  704051           1083
         -167866.586  738069           1830
         -167866.586  383902           673
         -167866.586  188340           1343
         -167866.586  672942           1098
         -167866.586  765372           1123
         -167866.586  711214           1194
         -167866.586  141203           1639
         -167866.586  663090           906
         -167866.586  739486           1699
         -167866.586  319638           1049
         -167866.586  913926           1381
         -167866.586  68291            1565
         -167866.586  404510           442
         -167866.586  970728           1371
         -167866.586  291149           536
         -167866.586  743895           1198
         -167866.586  124999           96
         -167866.586  480675           1112
         -167866.586  264081           186
         -167866.586  534193           689
         -167866.586  404426           344
         -167866.586  855760           593
         -167866.586  590834           785
         -167866.586  198008           1365
         -167866.586  353580           1794
         -167866.586  294669           501
         -167866.586  402224           91
         -167866.586  333082           578
         -167866.586  760531           550
         -167866.586  445689           1248
         -167866.586  282261           1274
         -167866.586  715561           125
         -167866.586  168888           817
         -167866.586  285763           1486
         -167866.586  662718           460
         -167866.586  772315           1958
         -167866.586  494663           1498
         -167866.586  91710            1908
         -167866.586  692169           308
         -167866.586  829442           1596
         -167866.586  767822           1293
         -167866.586  778953           635
         -167866.586  164305           128
         -167866.586  372158           1404
         -167866.586  331259           1947
         -167866.586  354624           448
         -167866.586  22874            588
         -167866.586  921023           782
         -167866.586  443241           1636
         -167866.586  448749           1975
         -167866.586  708207           1158
         -167866.586  227786           1964
         -167866.586  468036           131
         -167866.586  501017           1904
         -167866.586  948615           140
         -167866.586  109357           765
         -167866.586  810705           626
         -167866.586  697923           1431
         -167866.586  119225           1658
         -167866.586  242406           1207
         -167866.586  798821           423
         -167866.586  850545           357
         -167866.586  815445           1295
         -167866.586  387701           275
         -167866.586  534483           290
         -167866.586  951709           348
         -167866.586  424223           900
         -167866.586  712531           631
         -167866.586  560402           1532
         -167866.586  150154           1829
         -167866.586  917184           1337
         -167866.586  622860           259
         -167866.586  277373           1374
         -167866.586  529455           268
         -167866.586  586510           1446
         -167866.586  802928           892
         -167866.586  762461           425
         -167866.586  599729           658
         -167866.586  508482           446
         -167866.586  70157            1858
         -167866.586  42278            1305
         -167866.586  85462            51
         -167866.586  298997           1315
         -167866.586  331681           549
         -167866.586  542577           1004
         -167866.586  352269           1497
         -167866.586  544077           809
         -167866.586  403287           1558
         -167866.586  512820           1071
         -167866.586  685268           596
         -167866.586  829540           324
         -167866.586  642008           1894
         -167866.586  238906           430
         -167866.586  861413           1154
         -167866.586  355253           1233
         -167866.586  444166           1443
         -167866.586  115218           1382
         -167866.586  420322           1165
         -167866.586  347886           1463
         -167866.586  261601           1163
         -167866.586  10968            1492
         -167866.586  739214           807
         -167866.586  929823           1205
         -167866.586  115653           1387
         -167866.586  900921           984
         -167866.586  923803           1002
         -167866.586  592043           1090
         -167866.586  158701           1058
         -167866.586  586561           1735
         -167866.586  923767           1979
         -167866.586  329127           185
         -167866.586  940533           764
         -167866.586  354483           1851
         -167866.586  944186           541
         -167866.586  76736            1142
         -167866.586  751054           117
         -167866.586  341519           653
         -167866.586  131063           843
         -167866.586  981480           1025
         -167866.586  189463           1961
         -167866.586  369602           146
         -167866.586  68985            17
         -167866.586  526230           1589
         -167866.586  437181           135
         -167866.586  598245           1655
         -167866.586  791678           974
         -167866.586  46666            1425
         -167866.586  960438           116
         -167866.586  953003           1478
         -167866.586  561664           392
         -167866.586  128045           1614
         -167866.586  4091             548
         -167866.586  572342           1848
         -167866.586  357700           1359
         -167866.586  872743           374
         -169001.166  634333           1648
         -169001.166  670998           1876
         -169001.166  159678           1553
         -169001.166  647690           1232
         -169001.166  225932           1285
         -169001.166  166851           638
         -169226.528  871915           1602

8 perturbed starting value run(s) did not converge or were rejected in the third stage.



THE BEST LOGLIKELIHOOD VALUE HAS BEEN REPLICATED.  RERUN WITH AT LEAST TWICE THE
RANDOM STARTS TO CHECK THAT THE BEST LOGLIKELIHOOD IS STILL OBTAINED AND REPLICATED.

     THE STANDARD ERRORS OF THE MODEL PARAMETER ESTIMATES MAY NOT BE
     TRUSTWORTHY FOR SOME PARAMETERS DUE TO A NON-POSITIVE DEFINITE
     FIRST-ORDER DERIVATIVE PRODUCT MATRIX.  THIS MAY BE DUE TO THE STARTING
     VALUES BUT MAY ALSO BE AN INDICATION OF MODEL NONIDENTIFICATION.  THE
     CONDITION NUMBER IS       0.316D-13.  PROBLEM INVOLVING THE FOLLOWING PARAMETER:
     Parameter 19, %C#3%: [ SM ]


THE MODEL ESTIMATION TERMINATED NORMALLY



MODEL FIT INFORMATION

Number of Free Parameters                       28

Loglikelihood

          H0 Value                     -140544.490
          H0 Scaling Correction Factor      3.5218
            for MLR

Information Criteria

          Akaike (AIC)                  281144.980
          Bayesian (BIC)                281377.744
          Sample-Size Adjusted BIC      281288.760
            (n* = (n + 2) / 24)



FINAL CLASS COUNTS AND PROPORTIONS FOR THE LATENT CLASSES
BASED ON THE ESTIMATED MODEL

    Latent
   Classes

       1       1224.67930          0.04066
       2        719.73263          0.02389
       3      27045.03788          0.89785
       4       1132.55019          0.03760


FINAL CLASS COUNTS AND PROPORTIONS FOR THE LATENT CLASSES
BASED ON ESTIMATED POSTERIOR PROBABILITIES

    Latent
   Classes

       1       1224.67930          0.04066
       2        719.73263          0.02389
       3      27045.03788          0.89785
       4       1132.55019          0.03760


FINAL CLASS COUNTS AND PROPORTIONS FOR THE LATENT CLASSES
BASED ON THEIR MOST LIKELY LATENT CLASS MEMBERSHIP

Class Counts and Proportions

    Latent
   Classes

       1             1217          0.04040
       2              715          0.02374
       3            27062          0.89841
       4             1128          0.03745


CLASSIFICATION QUALITY

     Entropy                         0.998


Average Latent Class Probabilities for Most Likely Latent Class Membership (Row)
by Latent Class (Column)

           1        2        3        4

    1   1.000    0.000    0.000    0.000
    2   0.000    1.000    0.000    0.000
    3   0.000    0.000    0.999    0.000
    4   0.001    0.001    0.000    0.998


Classification Probabilities for the Most Likely Latent Class Membership (Column)
by Latent Class (Row)

           1        2        3        4

    1   0.994    0.000    0.006    0.001
    2   0.000    0.993    0.006    0.001
    3   0.000    0.000    1.000    0.000
    4   0.000    0.000    0.006    0.994


Logits for the Classification Probabilities for the Most Likely Latent Class Membership (Column)
by Latent Class (Row)

              1        2        3        4

    1      7.528   -6.281    2.373    0.000
    2     -6.912    6.897    1.714    0.000
    3     -2.866   -2.866   10.950    0.000
    4    -13.810  -13.810   -5.170    0.000


MODEL RESULTS

                                                    Two-Tailed
                    Estimate       S.E.  Est./S.E.    P-Value

Latent Class 1

 Means
    PHY                0.065      0.029      2.226      0.026
    SLE                0.162      0.029      5.513      0.000
    UND                0.357      0.029     12.499      0.000
    SM                 1.115      0.008    140.597      0.000
    ALC                0.979      0.035     28.176      0.000

 Variances
    PHY                0.996      0.006    162.579      0.000
    SLE                0.996      0.006    162.876      0.000
    UND                0.976      0.008    125.954      0.000
    SM                 0.005      0.000     18.709      0.000
    ALC                0.792      0.011     72.012      0.000

Latent Class 2

 Means
    PHY                0.155      0.037      4.170      0.000
    SLE                0.186      0.039      4.720      0.000
    UND                0.350      0.039      8.974      0.000
    SM                 2.713      0.007    367.334      0.000
    ALC                1.319      0.047     27.859      0.000

 Variances
    PHY                0.996      0.006    162.579      0.000
    SLE                0.996      0.006    162.876      0.000
    UND                0.976      0.008    125.954      0.000
    SM                 0.005      0.000     18.709      0.000
    ALC                0.792      0.011     72.012      0.000

Latent Class 3

 Means
    PHY               -0.019      0.006     -3.112      0.002
    SLE               -0.021      0.006     -3.474      0.001
    UND               -0.051      0.006     -8.421      0.000
    SM                -0.302      0.000  *********      0.000
    ALC               -0.150      0.005    -29.204      0.000

 Variances
    PHY                0.996      0.006    162.579      0.000
    SLE                0.996      0.006    162.876      0.000
    UND                0.976      0.008    125.954      0.000
    SM                 0.005      0.000     18.709      0.000
    ALC                0.792      0.011     72.012      0.000

Latent Class 4

 Means
    PHY                0.281      0.033      8.546      0.000
    SLE                0.214      0.033      6.532      0.000
    UND                0.599      0.031     19.602      0.000
    SM                 4.279      0.004   1091.642      0.000
    ALC                1.694      0.039     42.998      0.000

 Variances
    PHY                0.996      0.006    162.579      0.000
    SLE                0.996      0.006    162.876      0.000
    UND                0.976      0.008    125.954      0.000
    SM                 0.005      0.000     18.709      0.000
    ALC                0.792      0.011     72.012      0.000

Categorical Latent Variables

 Means
    C#1                0.078      0.041      1.891      0.059
    C#2               -0.453      0.048     -9.478      0.000
    C#3                3.173      0.030    104.313      0.000


QUALITY OF NUMERICAL RESULTS

     Condition Number for the Information Matrix              0.316E-13
       (ratio of smallest to largest eigenvalue)


TECHNICAL 11 OUTPUT

     Random Starts Specifications for the k-1 Class Analysis Model
        Number of initial stage random starts                2000
        Number of final stage optimizations                   500



     VUONG-LO-MENDELL-RUBIN LIKELIHOOD RATIO TEST FOR 3 (H0) VERSUS 4 CLASSES

          H0 Loglikelihood Value                      -169296.384
          2 Times the Loglikelihood Difference          57503.789
          Difference in the Number of Parameters                6
          Mean                                           2718.286
          Standard Deviation                             4125.318
          P-Value                                          0.0000

     LO-MENDELL-RUBIN ADJUSTED LRT TEST

          Value                                         56589.260
          P-Value                                          0.0000


TECHNICAL 14 OUTPUT

     Random Starts Specifications for the k-1 Class Analysis Model
        Number of initial stage random starts                2000
        Number of final stage optimizations                   500

     Random Starts Specification for the k-1 Class Model for Generated Data
        Number of initial stage random starts                   0
        Number of final stage optimizations for the
           initial stage random starts                          0
     Random Starts Specification for the k Class Model for Generated Data
        Number of initial stage random starts                  40
        Number of final stage optimizations                     8
     Number of bootstrap draws requested                   Varies


     PARAMETRIC BOOTSTRAPPED LIKELIHOOD RATIO TEST FOR 3 (H0) VERSUS 4 CLASSES

          H0 Loglikelihood Value                      -169296.384
          2 Times the Loglikelihood Difference          57503.789
          Difference in the Number of Parameters                6
          Approximate P-Value                              0.0000
          Successful Bootstrap Draws                            5


PLOT INFORMATION

The following plots are available:

  Histograms (sample values)
  Scatterplots (sample values)
  Sample means
  Estimated means, medians, modes, and percentiles
  Sample and estimated means
  Observed individual values
  Estimated means and observed individual values
  Estimated overall and class-specific distributions

SAVEDATA INFORMATION


  Save file
    CPROB_Switzerland_C4.dat

  Order and format of variables

    PHY            F10.3
    SLE            F10.3
    UND            F10.3
    SM             F10.3
    ALC            F10.3
    CPROB1         F10.3
    CPROB2         F10.3
    CPROB3         F10.3
    CPROB4         F10.3
    C              F10.3

  Save file format
    10F10.3

  Save file record length    10000

  Save missing symbol        *


     Beginning Time:  18:10:50
        Ending Time:  18:36:56
       Elapsed Time:  00:26:06



MUTHEN & MUTHEN
3463 Stoner Ave.
Los Angeles, CA  90066

Tel: (310) 391-9971
Fax: (310) 391-8971
Web: www.StatModel.com
Support: Support@StatModel.com

Copyright (c) 1998-2023 Muthen & Muthen
