Mplus VERSION 8.10
MUTHEN & MUTHEN
05/27/2025   8:57 PM

INPUT INSTRUCTIONS

  TITLE:
  Switzerland_2006_C4;
  DATA:
  FILE = "LPA/Switzerland/2006/Switzerland_2006_C4.dat";

  VARIABLE:
  NAMES = phy sle und sm alc;
   MISSING=.;
   USEVAR = phy sle und sm alc;
  CLASSES = C(4);
  ANALYSIS:
  ESTIMATOR = MLR;
                  TYPE = MIXTURE;
                  STARTS = 2000 500;
                  STITERATIONS = 100;
  MODEL:
  %OVERALL%

    [phy sle und sm alc];

    phy sle und sm alc;

  OUTPUT:
  TECH11 TECH14;
  SAVEDATA:
  FILE = CPROB_Switzerland_2006_C4.dat;
  SAVE = CPROB;
  PLOT:
  TYPE = PLOT3;
              SERIES = phy(1) sle(2) und(3) sm(4) alc(5);



*** WARNING in MODEL command
  All variables are uncorrelated with all other variables within class.
  Check that this is what is intended.
   1 WARNING(S) FOUND IN THE INPUT INSTRUCTIONS




Switzerland_2006_C4;

SUMMARY OF ANALYSIS

Number of groups                                                 1
Number of observations                                        4621

Number of dependent variables                                    5
Number of independent variables                                  0
Number of continuous latent variables                            0
Number of categorical latent variables                           1

Observed dependent variables

  Continuous
   PHY         SLE         UND         SM          ALC

Categorical latent variables
   C


Estimator                                                      MLR
Information matrix                                        OBSERVED
Optimization Specifications for the Quasi-Newton Algorithm for
Continuous Outcomes
  Maximum number of iterations                                 100
  Convergence criterion                                  0.100D-05
Optimization Specifications for the EM Algorithm
  Maximum number of iterations                                 500
  Convergence criteria
    Loglikelihood change                                 0.100D-06
    Relative loglikelihood change                        0.100D-06
    Derivative                                           0.100D-05
Optimization Specifications for the M step of the EM Algorithm for
Categorical Latent variables
  Number of M step iterations                                    1
  M step convergence criterion                           0.100D-05
  Basis for M step termination                           ITERATION
Optimization Specifications for the M step of the EM Algorithm for
Censored, Binary or Ordered Categorical (Ordinal), Unordered
Categorical (Nominal) and Count Outcomes
  Number of M step iterations                                    1
  M step convergence criterion                           0.100D-05
  Basis for M step termination                           ITERATION
  Maximum value for logit thresholds                            15
  Minimum value for logit thresholds                           -15
  Minimum expected cell size for chi-square              0.100D-01
Maximum number of iterations for H1                           2000
Convergence criterion for H1                             0.100D-03
Optimization algorithm                                         EMA
Random Starts Specifications
  Number of initial stage random starts                       2000
  Number of final stage optimizations                          500
  Number of initial stage iterations                           100
  Initial stage convergence criterion                    0.100D+01
  Random starts scale                                    0.500D+01
  Random seed for generating random starts                       0

Input data file(s)
  LPA/Switzerland/2006/Switzerland_2006_C4.dat
Input data format  FREE


SUMMARY OF DATA

     Number of missing data patterns            17
     Number of y missing data patterns          17
     Number of u missing data patterns           0


COVARIANCE COVERAGE OF DATA

Minimum covariance coverage value   0.100


     PROPORTION OF DATA PRESENT FOR Y


           Covariance Coverage
              PHY           SLE           UND           SM            ALC
              ________      ________      ________      ________      ________
 PHY            0.977
 SLE            0.953         0.974
 UND            0.972         0.969         0.994
 SM             0.974         0.971         0.991         0.996
 ALC            0.969         0.966         0.986         0.988         0.991



UNIVARIATE SAMPLE STATISTICS


     UNIVARIATE HIGHER-ORDER MOMENT DESCRIPTIVE STATISTICS

         Variable/         Mean/     Skewness/   Minimum/ % with                Percentiles
        Sample Size      Variance    Kurtosis    Maximum  Min/Max      20%/60%    40%/80%    Median

     PHY                   0.137      -0.133      -1.574   12.95%      -1.047      0.007      0.007
            4517.000       1.070      -0.936       2.116    3.14%       0.534      1.062
     SLE                  -0.013       0.579      -1.013   37.39%      -1.013     -0.261     -0.261
            4501.000       0.970      -0.878       1.994    7.78%       0.491      1.243
     UND                  -0.017       0.260      -2.653    0.13%      -0.897     -0.395     -0.144
            4595.000       1.017      -0.031       3.871    0.07%       0.107      0.860
     SM                    0.020       3.329      -0.302   89.49%      -0.302     -0.302     -0.302
            4603.000       1.065      10.028       4.302    3.93%      -0.302     -0.302
     ALC                   0.093       1.551      -0.581   63.46%      -0.581     -0.581     -0.581
            4579.000       1.111       1.507       3.966    0.52%      -0.581      0.556

RANDOM STARTS RESULTS RANKED FROM THE BEST TO THE WORST LOGLIKELIHOOD VALUES

31 perturbed starting value run(s) did not converge in the initial stage
optimizations.

Final stage loglikelihood values at local maxima, seeds, and initial stage start numbers:

          -25737.486  769072           1286
          -25737.486  895878           1216
          -25737.486  340112           126
          -25737.486  444363           1936
          -25737.486  1548             384
          -25737.486  836066           372
          -25737.486  702492           718
          -25737.486  441191           361
          -25737.486  405079           68
          -25737.486  754485           1175
          -25737.486  654884           1352
          -25737.486  352269           1497
          -25737.486  432950           1244
          -25737.486  263049           454
          -25737.486  378393           509
          -25737.486  195407           1278
          -25737.486  783110           72
          -25737.486  915642           40
          -25737.486  939021           8
          -25737.486  550871           1037
          -25737.486  696878           1643
          -25737.486  821011           161
          -25737.486  40327            971
          -25737.486  625191           350
          -25737.486  662524           1414
          -25737.486  428893           1859
          -25737.486  737045           1638
          -25737.486  964389           1223
          -25737.486  45696            1543
          -25737.486  175583           1362
          -25737.486  860940           1797
          -25737.486  511170           1813
          -25737.486  991399           1433
          -25737.486  703098           1700
          -25737.486  526324           178
          -25737.486  617243           237
          -25737.486  791285           416
          -25737.486  864006           1075
          -25737.486  317444           1136
          -25737.486  300697           820
          -25737.486  990491           1709
          -25737.486  391949           295
          -25737.486  417002           1499
          -25737.486  608496           4
          -25737.486  608363           1041
          -25737.486  252175           1520
          -25737.486  576596           99
          -25737.486  535804           111
          -25737.486  703313           1415
          -25737.486  788599           1180
          -25737.486  317868           740
          -25737.486  758647           951
          -25737.486  659773           663
          -25737.486  360597           1174
          -25737.486  193990           1303
          -25737.486  271809           846
          -25737.486  622896           1385
          -25737.486  860772           174
          -25737.486  685140           1450
          -25737.486  804561           59
          -25737.486  860643           1844
          -25737.486  58507            793
          -25737.486  782200           84
          -25737.486  387016           1035
          -25737.486  995249           525
          -25737.486  281558           184
          -25737.486  172913           557
          -25737.486  592219           119
          -25737.486  507154           387
          -25737.486  206099           363
          -25737.486  945083           1842
          -25737.486  379464           1483
          -25737.486  158701           1058
          -25737.486  263221           447
          -25737.486  240994           1598
          -25737.486  165822           1803
          -25737.486  723096           1388
          -25737.486  314084           81
          -25737.486  783102           433
          -25737.486  476498           179
          -25737.486  126922           1124
          -25737.486  853781           716
          -25737.486  374630           1869
          -25737.486  232249           1629
          -25737.486  468731           1451
          -25737.486  739486           1699
          -25737.486  879349           1459
          -25737.486  247224           94
          -25737.486  438792           1525
          -25737.486  562716           300
          -25737.486  620550           1992
          -25737.486  346843           1316
          -25737.486  280104           1875
          -25737.486  338766           1131
          -25737.486  682178           1344
          -25737.486  926797           406
          -25737.486  387701           275
          -25737.486  79890            1413
          -25737.486  581196           921
          -25737.486  521770           945
          -25737.486  264901           634
          -25737.486  610181           711
          -25737.486  869564           869
          -25737.486  198305           1825
          -25737.486  907342           1133
          -25737.486  576783           866
          -25737.486  835019           1985
          -25737.486  97223            1146
          -25737.486  460453           1708
          -25737.486  607642           1838
          -25737.486  606576           151
          -25737.486  343926           624
          -25737.486  170194           1653
          -25737.486  202790           198
          -25737.486  708128           1722
          -25737.486  476338           1418
          -25737.486  90218            1932
          -25737.486  18944            1326
          -25737.486  918558           412
          -25737.486  404917           1338
          -25737.486  816435           914
          -25737.486  458226           1078
          -25737.486  197223           332
          -25737.486  493083           1370
          -25737.486  797594           234
          -25737.486  985544           1051
          -25737.486  276468           1739
          -25737.486  930654           1156
          -25737.486  153942           31
          -25737.486  354559           73
          -25737.486  932449           1956
          -25737.486  452356           1341
          -25737.486  215353           164
          -25737.486  708042           1444
          -25737.486  150531           154
          -25737.486  298201           903
          -25737.486  145431           1920
          -25737.486  209031           632
          -25737.486  290366           1715
          -25737.486  125727           899
          -25737.486  77596            1258
          -25737.486  59674            240
          -25737.486  712702           684
          -25737.486  850112           922
          -25737.486  53621            483
          -25737.486  690608           1800
          -25737.486  226337           1582
          -25737.486  314034           513
          -25737.486  266349           1989
          -25737.486  46437            153
          -25737.486  940258           1242
          -25737.486  78862            529
          -25737.486  721392           768
          -25737.486  311214           64
          -25737.486  673336           1899
          -25737.486  496762           870
          -25737.486  404840           1210
          -25737.486  170954           86
          -25737.486  178659           1637
          -25737.486  351622           551
          -25737.486  933977           1918
          -25737.486  496935           1805
          -25737.486  842091           1373
          -25737.486  848356           602
          -25737.486  373815           618
          -25737.486  246261           38
          -25737.486  341960           685
          -25737.486  881886           608
          -25737.486  256781           1448
          -25737.486  889774           954
          -25737.486  569833           85
          -25737.486  858002           1644
          -25737.486  3307             735
          -25737.486  526742           1546
          -25737.486  802644           874
          -25737.486  353696           1070
          -25737.486  16207            1568
          -25737.486  476204           1318
          -25737.486  471512           1951
          -25737.486  459221           652
          -25737.486  853195           431
          -25737.486  74518            927
          -25737.486  782179           835
          -25737.486  502495           724
          -25737.486  435506           988
          -25737.486  503540           1984
          -25737.486  614535           449
          -25737.486  347886           1463
          -25737.486  805935           615
          -25737.486  900817           1060
          -25737.486  420643           1224
          -25737.486  628997           1188
          -25737.486  301301           1020
          -25737.486  376289           1798
          -25737.486  421051           1287
          -25737.486  216091           1670
          -25737.486  595153           230
          -25737.486  427006           839
          -25737.486  457017           1762
          -25737.486  478421           311
          -25737.486  195873           6
          -25738.624  770182           1015
          -25738.624  242713           1911
          -25738.624  990489           1167
          -25738.624  667250           318
          -25738.624  971853           402
          -25738.624  262320           1744
          -25738.624  337381           1397
          -25738.624  846194           93
          -25738.624  702670           1151
          -25738.624  7959             256
          -25738.624  238317           812
          -25738.624  571757           1268
          -25738.624  710154           831
          -25738.624  559773           1440
          -25738.624  224151           973
          -25738.624  242966           1523
          -25738.624  513949           1910
          -25738.624  661337           1754
          -25738.624  374219           353
          -25738.624  635599           1361
          -25738.624  65562            1395
          -25738.624  158157           1183
          -25738.624  602032           648
          -25738.624  913639           162
          -25738.624  303429           1016
          -25738.624  766903           505
          -25738.624  44697            1792
          -25738.624  316165           299
          -25738.624  860029           760
          -25738.624  238906           430
          -25738.624  225932           1285
          -25738.624  548245           818
          -25738.624  401377           1889
          -25738.624  332986           1193
          -25738.624  588923           606
          -26129.714  704798           530
          -26129.714  851945           18
          -26129.714  115653           1387
          -26129.714  598245           1655
          -26129.714  313278           1887
          -26129.714  377584           630
          -26129.714  874698           1027
          -26129.714  437181           135
          -26129.714  319638           1049
          -26129.714  25127            107
          -26129.714  544077           809
          -26129.714  802928           892
          -26129.714  128045           1614
          -26129.714  913926           1381
          -26129.714  717754           180
          -26129.714  182524           373
          -26129.714  542577           1004
          -26129.714  829540           324
          -26129.714  529455           268
          -26129.714  791678           974
          -26129.714  383902           673
          -26129.714  291149           536
          -26129.714  672942           1098
          -26129.714  767822           1293
          -26129.714  404426           344
          -26129.714  485635           876
          -26129.714  10968            1492
          -26129.714  494663           1498
          -26129.714  227786           1964
          -26129.714  18366            1473
          -26129.714  242406           1207
          -26129.714  537905           1335
          -26129.714  81954            1823
          -26129.714  70157            1858
          -26129.714  934216           1369
          -26129.714  341519           653
          -26129.714  572342           1848
          -26129.714  448749           1975
          -26129.714  140864           1776
          -26129.714  404510           442
          -26129.714  929823           1205
          -26129.714  663090           906
          -26129.714  942358           644
          -26129.714  512820           1071
          -26129.714  261601           1163
          -26129.714  931874           141
          -26129.714  345974           622
          -26129.714  697923           1431
          -26129.714  845580           805
          -26129.714  903420           5
          -26129.714  150154           1829
          -26129.714  726035           191
          -26129.714  674786           1496
          -26129.714  738142           1970
          -26129.714  743895           1198
          -26129.714  444166           1443
          -26129.714  46666            1425
          -26129.714  282261           1274
          -26129.714  798821           423
          -26129.714  124999           96
          -26129.714  551340           766
          -26129.714  642008           1894
          -26129.714  812408           1705
          -26129.714  261759           1972
          -26129.714  708207           1158
          -26129.714  586561           1735
          -26129.714  137654           1084
          -26129.714  636396           168
          -26129.714  460521           1032
          -26129.714  77210            712
          -26129.714  970728           1371
          -26129.714  872743           374
          -26129.714  752847           1109
          -26129.714  331681           549
          -26129.714  22874            588
          -26129.714  586510           1446
          -26129.714  354624           448
          -26129.714  285763           1486
          -26129.714  534193           689
          -26129.714  407168           44
          -26129.714  198008           1365
          -26129.714  948615           140
          -26129.714  760531           550
          -26129.714  353580           1794
          -26129.714  164305           128
          -26129.714  696830           668
          -26129.714  424223           900
          -26129.714  468036           131
          -26129.714  592043           1090
          -26129.714  739214           807
          -26129.714  878749           728
          -26129.714  277373           1374
          -26129.714  42278            1305
          -26129.714  495490           990
          -26129.714  141203           1639
          -26129.714  850545           357
          -26129.714  829442           1596
          -26129.714  65952            933
          -26129.714  357700           1359
          -26129.714  923767           1979
          -26129.714  622860           259
          -26129.714  331259           1947
          -26129.714  445689           1248
          -26129.714  923803           1002
          -26129.714  715561           125
          -26129.714  119225           1658
          -26129.714  344689           1354
          -26129.714  560402           1532
          -26129.714  227797           1263
          -26129.714  977507           1716
          -26129.714  662718           460
          -26129.714  153153           1763
          -26129.714  91710            1908
          -26129.714  508482           446
          -26129.714  61710            1327
          -26129.714  178031           720
          -26129.714  981480           1025
          -26129.714  526230           1589
          -26129.714  109357           765
          -26129.714  765372           1123
          -26129.714  516908           1977
          -26129.714  914505           838
          -26129.714  298997           1315
          -26129.714  712531           631
          -26129.714  738069           1830
          -26129.714  130011           587
          -26129.714  354483           1851
          -26129.714  417600           1416
          -26129.714  420298           1222
          -26129.714  357258           1383
          -26129.714  168888           817
          -26129.714  810705           626
          -26129.714  131063           843
          -26129.714  161421           519
          -26129.714  62835            642
          -26129.714  355253           1233
          -26129.714  704051           1083
          -26129.714  410512           1282
          -26129.714  115218           1382
          -26129.714  714997           399
          -26129.714  372158           1404
          -26129.714  536082           1539
          -26129.714  188340           1343
          -26129.714  493775           1402
          -26141.221  420322           1165
          -26141.221  613723           1804
          -26141.221  914193           1411
          -26141.221  696266           1192
          -26141.221  951709           348
          -26141.221  496710           386
          -26141.221  53089            1660
          -26141.221  321574           1185
          -26141.221  4091             548
          -26141.221  638577           769
          -26141.221  122040           1231
          -26141.221  544048           87
          -26141.221  377504           294
          -26141.221  156147           1186
          -26141.221  132387           1203
          -26259.874  185064           1449
          -26259.874  990548           1276
          -26259.874  661264           1181
          -26259.874  294811           637
          -26259.874  189463           1961
          -26259.874  810241           1634
          -26259.874  22075            659
          -26259.874  865890           1571
          -26259.874  742609           531
          -26259.874  930501           1819
          -26259.874  534256           1410
          -26259.874  353772           1508
          -26259.874  228451           1066
          -26259.874  775881           778
          -26259.874  850840           232
          -26259.874  634333           1648
          -26259.874  762461           425
          -26259.874  675765           1323
          -26259.874  595190           1554
          -26259.874  39756            857
          -26259.874  383986           159
          -26259.874  347222           533
          -26259.874  296924           1702
          -26259.874  136842           58
          -26259.874  319144           176
          -26259.874  431271           943
          -26259.874  300470           1153
          -26259.874  241197           747
          -26259.874  402699           604
          -26259.874  232559           136
          -26259.874  109920           1729
          -26259.874  695155           150
          -26259.874  351807           617
          -26259.874  578623           1849
          -26259.874  213189           605
          -26259.874  764692           1795
          -26259.874  87856            1116
          -26259.874  929361           1971
          -26259.874  64717            1631
          -26259.874  209986           1939
          -26259.874  303634           169
          -26259.874  570681           777
          -26259.874  518162           1611
          -26259.874  296162           856
          -26259.874  154750           1921
          -26259.874  63231            935
          -26259.874  631413           439
          -26259.874  181293           212
          -26259.874  484501           163
          -26259.874  566739           575
          -26259.874  898745           466
          -26259.874  985325           1890
          -26259.874  230121           1391
          -26259.874  766178           1937
          -26259.874  95219            1871
          -26259.874  802256           477
          -26259.874  217744           326
          -26259.874  722748           346
          -26259.874  670281           721
          -26259.874  901159           1166
          -26259.874  877429           1489
          -26259.874  767770           1725
          -26259.874  124829           1292
          -26259.874  978781           497
          -26259.874  508457           1649
          -26259.874  175820           1040
          -26259.874  774692           1764
          -26259.874  680987           1926
          -26259.874  995913           787
          -26259.874  361694           1834
          -26259.874  903099           1399
          -26259.874  691041           590
          -26259.874  988761           475
          -26259.874  415538           1196
          -26259.874  60038            1064
          -26259.874  505528           1604
          -26259.874  264521           929
          -26259.874  237742           1219
          -26259.874  125763           1942
          -26259.874  777492           972
          -26259.874  642909           251
          -26259.874  898058           1586
          -26259.874  155622           507
          -26259.874  319575           499
          -26259.874  120380           1470
          -26259.874  36183            1349
          -26259.874  575700           100
          -26259.874  501592           1738
          -26259.874  739458           1963
          -26259.874  426169           1544
          -26259.874  769907           457
          -26259.874  134413           1290
          -26259.874  840078           203
          -26259.874  14253            1252
          -26259.874  545756           1056
          -26269.539  801717           364
          -26269.539  777045           377
          -26269.539  167409           772
          -26269.539  159678           1553
          -26269.539  955502           1119
          -26269.539  166851           638
          -26269.539  207917           976
          -26269.539  670998           1876
          -26269.539  647690           1232

1 perturbed starting value run(s) did not converge or were rejected in the third stage.



THE BEST LOGLIKELIHOOD VALUE HAS BEEN REPLICATED.  RERUN WITH AT LEAST TWICE THE
RANDOM STARTS TO CHECK THAT THE BEST LOGLIKELIHOOD IS STILL OBTAINED AND REPLICATED.

     THE STANDARD ERRORS OF THE MODEL PARAMETER ESTIMATES MAY NOT BE
     TRUSTWORTHY FOR SOME PARAMETERS DUE TO A NON-POSITIVE DEFINITE
     FIRST-ORDER DERIVATIVE PRODUCT MATRIX.  THIS MAY BE DUE TO THE STARTING
     VALUES BUT MAY ALSO BE AN INDICATION OF MODEL NONIDENTIFICATION.  THE
     CONDITION NUMBER IS      -0.579D-17.  PROBLEM INVOLVING THE FOLLOWING PARAMETER:
     Parameter 4, %C#1%: [ SM ]


THE MODEL ESTIMATION TERMINATED NORMALLY



MODEL FIT INFORMATION

Number of Free Parameters                       28

Loglikelihood

          H0 Value                      -25737.486
          H0 Scaling Correction Factor      1.8927
            for MLR

Information Criteria

          Akaike (AIC)                   51530.971
          Bayesian (BIC)                 51711.246
          Sample-Size Adjusted BIC       51622.272
            (n* = (n + 2) / 24)



FINAL CLASS COUNTS AND PROPORTIONS FOR THE LATENT CLASSES
BASED ON THE ESTIMATED MODEL

    Latent
   Classes

       1       3752.77410          0.81211
       2        382.46436          0.08277
       3        186.73941          0.04041
       4        299.02213          0.06471


FINAL CLASS COUNTS AND PROPORTIONS FOR THE LATENT CLASSES
BASED ON ESTIMATED POSTERIOR PROBABILITIES

    Latent
   Classes

       1       3752.77410          0.81211
       2        382.46436          0.08277
       3        186.73941          0.04041
       4        299.02213          0.06471


FINAL CLASS COUNTS AND PROPORTIONS FOR THE LATENT CLASSES
BASED ON THEIR MOST LIKELY LATENT CLASS MEMBERSHIP

Class Counts and Proportions

    Latent
   Classes

       1             3745          0.81043
       2              391          0.08461
       3              186          0.04025
       4              299          0.06470


CLASSIFICATION QUALITY

     Entropy                         0.978


Average Latent Class Probabilities for Most Likely Latent Class Membership (Row)
by Latent Class (Column)

           1        2        3        4

    1   0.996    0.004    0.000    0.000
    2   0.057    0.943    0.000    0.000
    3   0.000    0.000    1.000    0.000
    4   0.000    0.001    0.001    0.998


Classification Probabilities for the Most Likely Latent Class Membership (Column)
by Latent Class (Row)

           1        2        3        4

    1   0.994    0.006    0.000    0.000
    2   0.035    0.964    0.000    0.001
    3   0.003    0.000    0.996    0.001
    4   0.002    0.000    0.000    0.998


Logits for the Classification Probabilities for the Most Likely Latent Class Membership (Column)
by Latent Class (Row)

              1        2        3        4

    1     11.784    6.659   -2.025    0.000
    2      3.757    7.077   -6.702    0.000
    3      1.053   -6.931    6.880    0.000
    4     -6.291  -13.814  -13.814    0.000


MODEL RESULTS

                                                    Two-Tailed
                    Estimate       S.E.  Est./S.E.    P-Value

Latent Class 1

 Means
    PHY                0.116      0.017      6.758      0.000
    SLE               -0.049      0.016     -3.023      0.002
    UND               -0.101      0.016     -6.173      0.000
    SM                -0.302      0.000  *********      0.000
    ALC               -0.301      0.009    -32.611      0.000

 Variances
    PHY                1.066      0.016     64.858      0.000
    SLE                0.964      0.015     63.083      0.000
    UND                0.984      0.021     47.855      0.000
    SM                 0.036      0.002     16.249      0.000
    ALC                0.415      0.014     28.988      0.000

Latent Class 2

 Means
    PHY                0.130      0.053      2.434      0.015
    SLE                0.083      0.053      1.567      0.117
    UND                0.238      0.053      4.486      0.000
    SM                -0.302      0.000  *********      0.000
    ALC                2.183      0.038     57.176      0.000

 Variances
    PHY                1.066      0.016     64.858      0.000
    SLE                0.964      0.015     63.083      0.000
    UND                0.984      0.021     47.855      0.000
    SM                 0.036      0.002     16.249      0.000
    ALC                0.415      0.014     28.988      0.000

Latent Class 3

 Means
    PHY                0.235      0.077      3.052      0.002
    SLE                0.117      0.076      1.546      0.122
    UND                0.388      0.069      5.604      0.000
    SM                 1.233      0.000  *********      0.000
    ALC                1.207      0.090     13.392      0.000

 Variances
    PHY                1.066      0.016     64.858      0.000
    SLE                0.964      0.015     63.083      0.000
    UND                0.984      0.021     47.855      0.000
    SM                 0.036      0.002     16.249      0.000
    ALC                0.415      0.014     28.988      0.000

Latent Class 4

 Means
    PHY                0.345      0.061      5.665      0.000
    SLE                0.245      0.064      3.847      0.000
    UND                0.458      0.060      7.605      0.000
    SM                 3.700      0.043     85.226      0.000
    ALC                1.654      0.076     21.781      0.000

 Variances
    PHY                1.066      0.016     64.858      0.000
    SLE                0.964      0.015     63.083      0.000
    UND                0.984      0.021     47.855      0.000
    SM                 0.036      0.002     16.249      0.000
    ALC                0.415      0.014     28.988      0.000

Categorical Latent Variables

 Means
    C#1                2.530      0.060     42.281      0.000
    C#2                0.246      0.082      2.999      0.003
    C#3               -0.471      0.093     -5.038      0.000


QUALITY OF NUMERICAL RESULTS

     Condition Number for the Information Matrix             -0.579E-17
       (ratio of smallest to largest eigenvalue)


TECHNICAL 11 OUTPUT

     Random Starts Specifications for the k-1 Class Analysis Model
        Number of initial stage random starts                2000
        Number of final stage optimizations                   500



     VUONG-LO-MENDELL-RUBIN LIKELIHOOD RATIO TEST FOR 3 (H0) VERSUS 4 CLASSES

          H0 Loglikelihood Value                       -26339.090
          2 Times the Loglikelihood Difference           1203.208
          Difference in the Number of Parameters                8
          Mean                                             36.510
          Standard Deviation                               39.919
          P-Value                                          0.0000

     LO-MENDELL-RUBIN ADJUSTED LRT TEST

          Value                                          1185.644
          P-Value                                          0.0000


TECHNICAL 14 OUTPUT

     Random Starts Specifications for the k-1 Class Analysis Model
        Number of initial stage random starts                2000
        Number of final stage optimizations                   500

     Random Starts Specification for the k-1 Class Model for Generated Data
        Number of initial stage random starts                   0
        Number of final stage optimizations for the
           initial stage random starts                          0
     Random Starts Specification for the k Class Model for Generated Data
        Number of initial stage random starts                  40
        Number of final stage optimizations                     8
     Number of bootstrap draws requested                   Varies


     PARAMETRIC BOOTSTRAPPED LIKELIHOOD RATIO TEST FOR 3 (H0) VERSUS 4 CLASSES

          H0 Loglikelihood Value                       -26339.090
          2 Times the Loglikelihood Difference           1203.208
          Difference in the Number of Parameters                8
          Approximate P-Value                              0.0000
          Successful Bootstrap Draws                            5

     WARNING:  OF THE 5 BOOTSTRAP DRAWS, 4 DRAWS HAD BOTH A SMALLER LRT VALUE THAN THE
     OBSERVED LRT VALUE AND NOT A REPLICATED BEST LOGLIKELIHOOD VALUE FOR THE 4-CLASS MODEL.
     THIS MEANS THAT THE P-VALUE MAY NOT BE TRUSTWORTHY DUE TO LOCAL MAXIMA.
     INCREASE THE NUMBER OF RANDOM STARTS USING THE LRTSTARTS OPTION.



PLOT INFORMATION

The following plots are available:

  Histograms (sample values)
  Scatterplots (sample values)
  Sample means
  Estimated means, medians, modes, and percentiles
  Sample and estimated means
  Observed individual values
  Estimated means and observed individual values
  Estimated overall and class-specific distributions

SAVEDATA INFORMATION


  Save file
    CPROB_Switzerland_2006_C4.dat

  Order and format of variables

    PHY            F10.3
    SLE            F10.3
    UND            F10.3
    SM             F10.3
    ALC            F10.3
    CPROB1         F10.3
    CPROB2         F10.3
    CPROB3         F10.3
    CPROB4         F10.3
    C              F10.3

  Save file format
    10F10.3

  Save file record length    10000

  Save missing symbol        *


     Beginning Time:  20:57:42
        Ending Time:  21:01:52
       Elapsed Time:  00:04:10



MUTHEN & MUTHEN
3463 Stoner Ave.
Los Angeles, CA  90066

Tel: (310) 391-9971
Fax: (310) 391-8971
Web: www.StatModel.com
Support: Support@StatModel.com

Copyright (c) 1998-2023 Muthen & Muthen
