Mplus VERSION 8.10
MUTHEN & MUTHEN
05/27/2025  10:12 PM

INPUT INSTRUCTIONS

  TITLE:
  Switzerland_2014_C4;
  DATA:
  FILE = "LPA/Switzerland/2014/Switzerland_2014_C4.dat";

  VARIABLE:
  NAMES = phy sle und sm alc;
   MISSING=.;
   USEVAR = phy sle und sm alc;
  CLASSES = C(4);
  ANALYSIS:
  ESTIMATOR = MLR;
                  TYPE = MIXTURE;
                  STARTS = 2000 500;
                  STITERATIONS = 100;
  MODEL:
  %OVERALL%

    [phy sle und sm alc];

    phy sle und sm alc;

  OUTPUT:
  TECH11 TECH14;
  SAVEDATA:
  FILE = CPROB_Switzerland_2014_C4.dat;
  SAVE = CPROB;
  PLOT:
  TYPE = PLOT3;
              SERIES = phy(1) sle(2) und(3) sm(4) alc(5);



*** WARNING in MODEL command
  All variables are uncorrelated with all other variables within class.
  Check that this is what is intended.
   1 WARNING(S) FOUND IN THE INPUT INSTRUCTIONS




Switzerland_2014_C4;

SUMMARY OF ANALYSIS

Number of groups                                                 1
Number of observations                                        6634

Number of dependent variables                                    5
Number of independent variables                                  0
Number of continuous latent variables                            0
Number of categorical latent variables                           1

Observed dependent variables

  Continuous
   PHY         SLE         UND         SM          ALC

Categorical latent variables
   C


Estimator                                                      MLR
Information matrix                                        OBSERVED
Optimization Specifications for the Quasi-Newton Algorithm for
Continuous Outcomes
  Maximum number of iterations                                 100
  Convergence criterion                                  0.100D-05
Optimization Specifications for the EM Algorithm
  Maximum number of iterations                                 500
  Convergence criteria
    Loglikelihood change                                 0.100D-06
    Relative loglikelihood change                        0.100D-06
    Derivative                                           0.100D-05
Optimization Specifications for the M step of the EM Algorithm for
Categorical Latent variables
  Number of M step iterations                                    1
  M step convergence criterion                           0.100D-05
  Basis for M step termination                           ITERATION
Optimization Specifications for the M step of the EM Algorithm for
Censored, Binary or Ordered Categorical (Ordinal), Unordered
Categorical (Nominal) and Count Outcomes
  Number of M step iterations                                    1
  M step convergence criterion                           0.100D-05
  Basis for M step termination                           ITERATION
  Maximum value for logit thresholds                            15
  Minimum value for logit thresholds                           -15
  Minimum expected cell size for chi-square              0.100D-01
Maximum number of iterations for H1                           2000
Convergence criterion for H1                             0.100D-03
Optimization algorithm                                         EMA
Random Starts Specifications
  Number of initial stage random starts                       2000
  Number of final stage optimizations                          500
  Number of initial stage iterations                           100
  Initial stage convergence criterion                    0.100D+01
  Random starts scale                                    0.500D+01
  Random seed for generating random starts                       0

Input data file(s)
  LPA/Switzerland/2014/Switzerland_2014_C4.dat
Input data format  FREE


SUMMARY OF DATA

     Number of missing data patterns            18
     Number of y missing data patterns          18
     Number of u missing data patterns           0


COVARIANCE COVERAGE OF DATA

Minimum covariance coverage value   0.100


     PROPORTION OF DATA PRESENT FOR Y


           Covariance Coverage
              PHY           SLE           UND           SM            ALC
              ________      ________      ________      ________      ________
 PHY            0.984
 SLE            0.967         0.981
 UND            0.981         0.980         0.997
 SM             0.976         0.975         0.989         0.992
 ALC            0.976         0.975         0.989         0.990         0.992



UNIVARIATE SAMPLE STATISTICS


     UNIVARIATE HIGHER-ORDER MOMENT DESCRIPTIVE STATISTICS

         Variable/         Mean/     Skewness/   Minimum/ % with                Percentiles
        Sample Size      Variance    Kurtosis    Maximum  Min/Max      20%/60%    40%/80%    Median

     PHY                  -0.077       0.114      -1.574   14.57%      -1.047     -0.520      0.007
            6525.000       0.963      -0.829       2.116    2.04%       0.007      1.062
     SLE                   0.073       0.494      -1.013   33.45%      -1.013     -0.261     -0.261
            6511.000       1.016      -0.987       1.994    9.72%       0.491      1.243
     UND                  -0.032       0.225      -2.653    0.09%      -0.897     -0.395     -0.144
            6614.000       0.960      -0.117       3.871    0.02%       0.107      0.860
     SM                   -0.070       4.022      -0.302   91.73%      -0.302     -0.302     -0.302
            6579.000       0.740      15.770       4.302    2.42%      -0.302     -0.302
     ALC                  -0.051       2.082      -0.581   69.01%      -0.581     -0.581     -0.581
            6579.000       0.897       4.351       3.966    1.29%      -0.581      0.556

RANDOM STARTS RESULTS RANKED FROM THE BEST TO THE WORST LOGLIKELIHOOD VALUES

Final stage loglikelihood values at local maxima, seeds, and initial stage start numbers:

          -22398.908  188640           451
          -22398.908  159216           1423
          -22398.908  262022           1467
          -22398.908  582296           452
          -22398.908  127362           757
          -22398.908  208620           965
          -22398.908  7959             256
          -22398.908  182163           1264
          -22398.908  737601           891
          -22398.908  496710           386
          -22398.908  178181           753
          -22398.908  967237           48
          -22398.908  303959           1063
          -22398.908  818353           1256
          -22398.908  400467           1806
          -22399.969  610066           1438
          -22399.969  356754           1372
          -22399.969  269874           1756
          -22399.969  173683           1833
          -34607.097  460453           1708
          -34607.097  995249           525
          -34607.097  3307             735
          -34607.097  737045           1638
          -34607.097  550871           1037
          -34607.097  158701           1058
          -34607.097  224151           973
          -34607.097  295033           1052
          -34607.097  562716           300
          -34607.097  526742           1546
          -34607.097  338766           1131
          -34607.097  708128           1722
          -34607.097  583281           1907
          -34607.097  835019           1985
          -34607.097  373691           1624
          -34607.097  478341           731
          -34607.097  521575           313
          -34607.097  673496           218
          -34607.097  358488           264
          -34607.097  403287           1558
          -34607.097  860940           1797
          -34607.097  703313           1415
          -34607.097  253358           2
          -34607.097  68985            17
          -34607.097  496762           870
          -34607.097  264901           634
          -34607.097  940533           764
          -34607.097  402699           604
          -34607.097  195407           1278
          -34607.097  690608           1800
          -34607.097  945083           1842
          -34607.097  941975           816
          -34607.097  883789           1967
          -34607.097  979450           913
          -34607.097  887580           493
          -34607.097  571757           1268
          -34607.097  783102           433
          -34607.097  59674            240
          -34607.097  353696           1070
          -34607.097  150531           154
          -34607.097  879349           1459
          -34607.097  326091           759
          -34607.097  404917           1338
          -34607.097  311214           64
          -34607.097  758647           951
          -34607.097  316165           299
          -34607.097  721392           768
          -34607.097  298201           903
          -34607.097  798541           1266
          -34607.097  247224           94
          -34607.097  100054           1225
          -34607.097  782200           84
          -34607.097  77596            1258
          -34607.097  428893           1859
          -34607.097  209031           632
          -34607.097  317444           1136
          -34607.097  366739           1283
          -34607.097  472543           1917
          -34607.097  206099           363
          -34607.097  495995           1745
          -34607.097  437936           1717
          -34607.097  926797           406
          -34607.097  129198           1928
          -34607.097  496935           1805
          -34607.097  625191           350
          -34607.097  538872           949
          -34607.097  458226           1078
          -34607.097  783110           72
          -34607.097  344410           1940
          -34607.097  848356           602
          -34607.097  661337           1754
          -34607.097  610181           711
          -34607.097  869564           869
          -34607.097  507154           387
          -34607.097  727880           1547
          -34607.097  723096           1388
          -34607.097  588923           606
          -34607.097  193990           1303
          -34607.097  473343           844
          -34607.097  476498           179
          -34607.097  153942           31
          -34607.097  900631           774
          -34607.097  900817           1060
          -34607.097  600202           1115
          -34607.097  405079           68
          -34607.097  196948           1465
          -34607.097  374630           1869
          -34607.097  392766           331
          -34607.097  816435           914
          -34607.097  620550           1992
          -34607.097  96362            1801
          -34607.097  90218            1932
          -34607.097  202790           198
          -34607.097  662524           1414
          -34607.097  170954           86
          -34607.097  404840           1210
          -34607.097  280104           1875
          -34607.097  930654           1156
          -34607.097  608496           4
          -34607.097  617243           237
          -34607.097  465160           862
          -34607.097  654884           1352
          -34607.097  702492           718
          -34607.097  513949           1910
          -34607.097  215353           164
          -34607.097  592219           119
          -34607.097  461866           722
          -34607.097  58507            793
          -34607.097  915642           40
          -34607.097  30098            209
          -34607.097  97223            1146
          -34607.097  226322           478
          -34607.097  65562            1395
          -34607.097  614535           449
          -34607.097  370434           1832
          -34607.097  889774           954
          -34607.097  708047           1519
          -34607.097  281558           184
          -34607.097  985544           1051
          -34607.097  622896           1385
          -34607.097  441191           361
          -34607.097  805768           879
          -34607.097  379729           512
          -34607.097  548245           818
          -34607.097  125727           899
          -34607.097  569833           85
          -34607.097  982520           737
          -34607.097  170194           1653
          -34607.097  40588            1976
          -34607.097  44697            1792
          -34607.097  719490           1780
          -34607.097  172913           557
          -34607.097  145431           1920
          -34607.097  493083           1370
          -34607.097  127359           1737
          -34607.097  907342           1133
          -34607.097  667250           318
          -34607.097  40327            971
          -34607.097  964389           1223
          -34607.097  535804           111
          -35135.201  991399           1433
          -35135.201  396795           323
          -35135.201  360419           356
          -35135.201  702670           1151
          -35135.201  370481           742
          -35135.201  170118           238
          -35277.374  92091            649
          -35277.374  537905           1335
          -35277.374  586619           1837
          -35277.374  900921           984
          -35277.374  425929           508
          -35277.374  752847           1109
          -35277.374  829540           324
          -35277.374  22874            588
          -35277.374  878749           728
          -35277.374  855760           593
          -35277.374  119225           1658
          -35277.374  238906           430
          -35277.374  321574           1185
          -35277.374  572342           1848
          -35277.374  70157            1858
          -35277.374  61710            1327
          -35277.374  699834           723
          -35277.374  345974           622
          -35277.374  963053           43
          -35277.374  696773           80
          -35277.374  189463           1961
          -35277.374  235969           1579
          -35277.374  77210            712
          -35277.374  697923           1431
          -35277.374  197904           1782
          -35277.374  716616           1159
          -35277.374  850545           357
          -35277.374  802928           892
          -35277.374  804660           260
          -35277.374  313306           612
          -35277.374  493775           1402
          -35277.374  264081           186
          -35277.374  227797           1263
          -35277.374  845580           805
          -35277.374  464810           1424
          -35277.374  937068           982
          -35277.374  355253           1233
          -35277.374  932458           1132
          -35277.374  592043           1090
          -35277.374  384859           1530
          -35277.374  714997           399
          -35277.374  180889           920
          -35277.374  622860           259
          -35277.374  953843           651
          -35277.374  754100           56
          -35277.374  526230           1589
          -35277.374  891041           1811
          -35277.374  354395           486
          -35277.374  452606           1675
          -35277.374  939709           112
          -35277.374  285763           1486
          -35277.374  115218           1382
          -35277.374  144139           1272
          -35277.374  371246           101
          -35277.374  354483           1851
          -35277.374  242970           1945
          -35277.374  677720           681
          -35277.374  670595           1072
          -35277.374  188498           258
          -35277.374  544077           809
          -35277.374  131856           90
          -35277.374  345070           114
          -35277.374  277373           1374
          -35277.374  182524           373
          -35277.374  128045           1614
          -35277.374  266340           683
          -35277.374  760878           249
          -35277.374  889514           1505
          -35277.374  868112           1484
          -35277.374  686384           690
          -35277.374  697866           1018
          -35277.374  146857           1673
          -35277.374  599729           658
          -35277.374  903420           5
          -35277.374  140864           1776
          -35277.374  51011            1111
          -35277.374  166171           1577
          -35277.374  931558           898
          -35277.374  311484           1135
          -35277.374  347886           1463
          -35277.374  715561           125
          -35277.374  551340           766
          -35277.374  11984            934
          -35277.374  217415           1240
          -35277.374  765372           1123
          -35277.374  640728           1187
          -35277.374  906196           1758
          -35277.374  815445           1295
          -35277.374  291112           645
          -35277.374  793487           595
          -35277.374  960438           116
          -35277.374  22362            365
          -35277.374  663090           906
          -35277.374  751054           117
          -35277.374  255016           1731
          -35277.374  942358           644
          -35277.374  68291            1565
          -35277.374  394609           1366
          -35277.374  884146           1720
          -35277.374  685268           596
          -35277.374  738142           1970
          -35277.374  331681           549
          -35277.374  10968            1492
          -35277.374  161421           519
          -35277.374  536082           1539
          -35277.374  62835            642
          -35277.374  692169           308
          -35277.374  124999           96
          -35277.374  436892           565
          -35277.374  605161           409
          -35277.374  109357           765
          -35277.374  366533           484
          -35277.374  313278           1887
          -35277.374  383902           673
          -35277.374  568405           233
          -35277.374  349360           464
          -35277.374  385822           1288
          -35277.374  931874           141
          -35277.374  402224           91
          -35277.374  298275           418
          -35277.374  150154           1829
          -35277.374  724087           925
          -35277.374  891481           1948
          -35277.374  785822           1339
          -35277.374  358688           1573
          -35277.374  866961           1139
          -35277.374  131063           843
          -35277.374  981480           1025
          -35277.374  867231           1846
          -35277.374  833196           715
          -35277.374  354624           448
          -35277.374  485635           876
          -35277.374  884242           957
          -35277.374  377584           630
          -35277.374  261601           1163
          -35277.374  420298           1222
          -35277.374  508482           446
          -35277.374  795831           1968
          -35277.374  407168           44
          -35277.374  518561           1856
          -35277.374  289739           1348
          -35277.374  691234           250
          -35277.374  384199           882
          -35277.374  338892           1432
          -35277.374  237332           661
          -35277.374  673767           1736
          -35277.374  988537           1980
          -35277.374  397522           1311
          -35277.374  379464           1483
          -35277.374  486572           1333
          -35277.374  156147           1186
          -35277.374  460521           1032
          -35277.374  42523            730
          -35277.374  879338           309
          -35277.374  667170           1379
          -35277.374  115653           1387
          -35277.374  882750           646
          -35277.374  652857           1254
          -35277.374  914505           838
          -35277.374  331259           1947
          -35277.374  739486           1699
          -35277.374  672942           1098
          -35277.374  440841           118
          -35277.374  671390           814
          -35277.374  787985           482
          -35277.374  231581           1048
          -35277.374  291149           536
          -35277.374  899876           1808
          -35277.374  357258           1383
          -35277.374  410512           1282
          -35277.374  746978           410
          -35277.374  364689           1237
          -35277.374  636396           168
          -35277.374  344109           1044
          -35277.374  153153           1763
          -35277.374  288738           940
          -35277.374  949086           1426
          -35277.374  704051           1083
          -35277.374  529455           268
          -35277.374  948615           140
          -35277.374  595759           997
          -35277.374  534193           689
          -35277.374  603765           1006
          -35277.374  851945           18
          -35277.374  468036           131
          -35277.374  996270           1572
          -35277.374  203508           806
          -35277.374  178031           720
          -35277.374  437181           135
          -35277.374  137877           1679
          -35277.374  694918           1206
          -35277.374  18366            1473
          -35277.374  640833           434
          -35277.374  76974            16
          -35277.374  743830           1368
          -35277.374  137719           1504
          -35277.374  575700           100
          -35277.374  674786           1496
          -35277.374  794236           127
          -35277.374  635245           121
          -35277.374  826811           1721
          -35277.374  132387           1203
          -35277.374  159259           1665
          -35277.374  913926           1381
          -35277.374  560402           1532
          -35277.374  810705           626
          -35277.374  312754           562
          -35277.374  374735           1178
          -35277.374  934216           1369
          -35277.374  443241           1636
          -35277.374  708207           1158
          -35277.374  404510           442
          -35277.374  494663           1498
          -35277.374  616917           261
          -35277.374  290837           1828
          -35277.374  369602           146
          -35277.374  407108           366
          -35277.374  444166           1443
          -35277.374  420322           1165
          -35277.374  566399           1877
          -35277.374  778331           1280
          -35277.374  820977           776
          -35277.374  315029           471
          -35277.374  872743           374
          -35277.374  91710            1908
          -35277.374  859223           1363
          -35277.374  812578           1865
          -35277.374  319638           1049
          -35277.374  544048           87
          -35277.374  184656           1978
          -35277.374  264951           1130
          -35277.374  404042           675
          -35277.374  485483           498
          -35277.374  85462            51
          -35277.374  414110           1821
          -35277.374  602797           336
          -35277.374  215483           1952
          -35277.374  179022           687
          -35277.374  471398           74
          -35277.374  448829           938
          -35277.374  682178           1344
          -35277.374  25127            107
          -35277.374  553953           1595
          -35277.374  48713            1880
          -35277.374  76736            1142
          -35277.374  492839           1493
          -35277.374  988290           1938
          -35277.374  701716           1291
          -35277.374  342019           301
          -35277.374  637095           207
          -35277.374  772315           1958
          -35277.374  97158            205
          -35277.374  704798           530
          -35277.374  190339           102
          -35277.374  778953           635
          -35277.374  752148           822
          -35277.374  673039           1173
          -35277.374  227786           1964
          -35277.374  613723           1804
          -35277.374  300844           1405
          -35277.374  743895           1198
          -35277.374  874698           1027
          -35277.374  462821           745
          -35277.374  642008           1894
          -35277.374  579995           183
          -35277.374  194143           510
          -35277.374  829442           1596
          -35277.374  528938           1898
          -35277.374  578694           1608
          -35277.374  427006           839
          -35277.374  712531           631
          -35277.374  534483           290
          -35277.374  538470           1681
          -35277.374  662718           460
          -35277.374  720994           1531
          -35277.374  490123           995
          -35277.374  448749           1975
          -35277.374  15715            274
          -35277.374  928860           1651
          -35277.374  586561           1735
          -35277.374  53089            1660
          -35277.374  779009           1458
          -35277.374  718876           1104
          -35277.374  738069           1830
          -35277.374  141203           1639
          -35277.374  815575           1593
          -35277.374  495490           990
          -35277.374  954914           911
          -35277.374  193042           316
          -35277.374  717754           180
          -35277.374  86698            893
          -35277.374  599136           811
          -35277.374  957392           79
          -35277.374  762461           425
          -35277.374  445689           1248
          -35277.374  399380           436
          -35277.374  542577           1004
          -35277.374  798821           423
          -35277.374  222513           1088
          -35277.374  137654           1084
          -35277.374  4091             548
          -35277.374  188340           1343
          -35277.374  350608           334
          -35277.374  221146           1046
          -35277.374  165822           1803
          -35277.374  952682           1882
          -35277.374  608460           244
          -35277.374  945065           255
          -35277.374  626891           32
          -35277.374  212934           568
          -35277.374  921023           782
          -35277.374  767822           1293
          -35277.374  793035           187
          -35277.374  563002           360
          -35277.374  231400           738
          -35277.374  238317           812
          -35277.374  329127           185
          -35277.374  590834           785
          -35277.374  973369           202
          -35277.374  980958           1896
          -35277.374  977507           1716
          -35277.374  352269           1497
          -35277.374  923767           1979
          -35277.374  261759           1972
          -35277.374  285380           1
          -35277.374  951709           348
          -35277.374  444228           860
          -35277.374  92564            583
          -35277.374  661290           1376
          -35277.374  372158           1404
          -35277.374  59296            1534
          -35277.374  2066             1228

3 perturbed starting value run(s) did not converge or were rejected in the third stage.



THE BEST LOGLIKELIHOOD VALUE HAS BEEN REPLICATED.  RERUN WITH AT LEAST TWICE THE
RANDOM STARTS TO CHECK THAT THE BEST LOGLIKELIHOOD IS STILL OBTAINED AND REPLICATED.

     THE STANDARD ERRORS OF THE MODEL PARAMETER ESTIMATES MAY NOT BE
     TRUSTWORTHY FOR SOME PARAMETERS DUE TO A NON-POSITIVE DEFINITE
     FIRST-ORDER DERIVATIVE PRODUCT MATRIX.  THIS MAY BE DUE TO THE STARTING
     VALUES BUT MAY ALSO BE AN INDICATION OF MODEL NONIDENTIFICATION.  THE
     CONDITION NUMBER IS       0.288D-19.  PROBLEM INVOLVING THE FOLLOWING PARAMETER:
     Parameter 4, %C#1%: [ SM ]


THE MODEL ESTIMATION TERMINATED NORMALLY



MODEL FIT INFORMATION

Number of Free Parameters                       28

Loglikelihood

          H0 Value                      -22398.908
          H0 Scaling Correction Factor     24.9451
            for MLR

Information Criteria

          Akaike (AIC)                   44853.816
          Bayesian (BIC)                 45044.215
          Sample-Size Adjusted BIC       44955.237
            (n* = (n + 2) / 24)



FINAL CLASS COUNTS AND PROPORTIONS FOR THE LATENT CLASSES
BASED ON THE ESTIMATED MODEL

    Latent
   Classes

       1       6084.14627          0.91712
       2        135.41493          0.02041
       3        161.00022          0.02427
       4        253.43858          0.03820


FINAL CLASS COUNTS AND PROPORTIONS FOR THE LATENT CLASSES
BASED ON ESTIMATED POSTERIOR PROBABILITIES

    Latent
   Classes

       1       6084.14627          0.91712
       2        135.41493          0.02041
       3        161.00022          0.02427
       4        253.43858          0.03820


FINAL CLASS COUNTS AND PROPORTIONS FOR THE LATENT CLASSES
BASED ON THEIR MOST LIKELY LATENT CLASS MEMBERSHIP

Class Counts and Proportions

    Latent
   Classes

       1             6089          0.91785
       2              134          0.02020
       3              160          0.02412
       4              251          0.03784


CLASSIFICATION QUALITY

     Entropy                         0.998


Average Latent Class Probabilities for Most Likely Latent Class Membership (Row)
by Latent Class (Column)

           1        2        3        4

    1   0.999    0.000    0.000    0.000
    2   0.000    1.000    0.000    0.000
    3   0.001    0.001    0.996    0.002
    4   0.000    0.000    0.000    1.000


Classification Probabilities for the Most Likely Latent Class Membership (Column)
by Latent Class (Row)

           1        2        3        4

    1   1.000    0.000    0.000    0.000
    2   0.009    0.990    0.001    0.000
    3   0.010    0.000    0.990    0.000
    4   0.009    0.000    0.001    0.990


Logits for the Classification Probabilities for the Most Likely Latent Class Membership (Column)
by Latent Class (Row)

              1        2        3        4

    1     13.815    0.000    3.135    0.000
    2      9.125   13.805    7.146    0.000
    3      9.194    0.000   13.806    0.000
    4     -4.753  -13.806   -6.825    0.000


MODEL RESULTS

                                                    Two-Tailed
                    Estimate       S.E.  Est./S.E.    P-Value

Latent Class 1

 Means
    PHY               -0.097      0.013     -7.683      0.000
    SLE                0.054      0.013      4.132      0.000
    UND               -0.073      0.012     -5.884      0.000
    SM                -0.302      0.000  *********      0.000
    ALC               -0.158      0.011    -14.628      0.000

 Variances
    PHY                0.957      0.013     74.571      0.000
    SLE                1.012      0.013     79.876      0.000
    UND                0.939      0.016     59.275      0.000
    SM                 0.000      0.000      2.269      0.023
    ALC                0.765      0.026     29.762      0.000

Latent Class 2

 Means
    PHY                0.199      0.091      2.194      0.028
    SLE                0.298      0.098      3.049      0.002
    UND                0.431      0.094      4.608      0.000
    SM                 2.773      0.006    486.037      0.000
    ALC                1.084      0.109      9.905      0.000

 Variances
    PHY                0.957      0.013     74.571      0.000
    SLE                1.012      0.013     79.876      0.000
    UND                0.939      0.016     59.275      0.000
    SM                 0.000      0.000      2.269      0.023
    ALC                0.765      0.026     29.762      0.000

Latent Class 3

 Means
    PHY                0.315      0.089      3.545      0.000
    SLE                0.336      0.090      3.736      0.000
    UND                0.670      0.077      8.736      0.000
    SM                 4.302      0.000  *********      0.000
    ALC                1.510      0.104     14.477      0.000

 Variances
    PHY                0.957      0.013     74.571      0.000
    SLE                1.012      0.013     79.876      0.000
    UND                0.939      0.016     59.275      0.000
    SM                 0.000      0.000      2.269      0.023
    ALC                0.765      0.026     29.762      0.000

Latent Class 4

 Means
    PHY               -0.004      0.064     -0.070      0.944
    SLE                0.248      0.064      3.883      0.000
    UND                0.258      0.060      4.272      0.000
    SM                 1.221      0.006    201.294      0.000
    ALC                0.922      0.072     12.819      0.000

 Variances
    PHY                0.957      0.013     74.571      0.000
    SLE                1.012      0.013     79.876      0.000
    UND                0.939      0.016     59.275      0.000
    SM                 0.000      0.000      2.269      0.023
    ALC                0.765      0.026     29.762      0.000

Categorical Latent Variables

 Means
    C#1                3.178      0.064     49.349      0.000
    C#2               -0.627      0.107     -5.858      0.000
    C#3               -0.454      0.101     -4.477      0.000


QUALITY OF NUMERICAL RESULTS

     Condition Number for the Information Matrix              0.288E-19
       (ratio of smallest to largest eigenvalue)


TECHNICAL 11 OUTPUT

     Random Starts Specifications for the k-1 Class Analysis Model
        Number of initial stage random starts                2000
        Number of final stage optimizations                   500



     VUONG-LO-MENDELL-RUBIN LIKELIHOOD RATIO TEST FOR 3 (H0) VERSUS 4 CLASSES

          H0 Loglikelihood Value                       -35647.044
          2 Times the Loglikelihood Difference          26496.273
          Difference in the Number of Parameters                6
          Mean                                         431600.682
          Standard Deviation                           611069.165
          P-Value                                          1.0000

     LO-MENDELL-RUBIN ADJUSTED LRT TEST

          Value                                         26003.775
          P-Value                                          1.0000


TECHNICAL 14 OUTPUT

     Random Starts Specifications for the k-1 Class Analysis Model
        Number of initial stage random starts                2000
        Number of final stage optimizations                   500

     Random Starts Specification for the k-1 Class Model for Generated Data
        Number of initial stage random starts                   0
        Number of final stage optimizations for the
           initial stage random starts                          0
     Random Starts Specification for the k Class Model for Generated Data
        Number of initial stage random starts                  40
        Number of final stage optimizations                     8
     Number of bootstrap draws requested                   Varies


     PARAMETRIC BOOTSTRAPPED LIKELIHOOD RATIO TEST FOR 3 (H0) VERSUS 4 CLASSES

          H0 Loglikelihood Value                       -35647.044
          2 Times the Loglikelihood Difference          26496.273
          Difference in the Number of Parameters                6
          Approximate P-Value                              0.0000
          Successful Bootstrap Draws                            5


PLOT INFORMATION

The following plots are available:

  Histograms (sample values)
  Scatterplots (sample values)
  Sample means
  Estimated means, medians, modes, and percentiles
  Sample and estimated means
  Observed individual values
  Estimated means and observed individual values
  Estimated overall and class-specific distributions

SAVEDATA INFORMATION


  Save file
    CPROB_Switzerland_2014_C4.dat

  Order and format of variables

    PHY            F10.3
    SLE            F10.3
    UND            F10.3
    SM             F10.3
    ALC            F10.3
    CPROB1         F10.3
    CPROB2         F10.3
    CPROB3         F10.3
    CPROB4         F10.3
    C              F10.3

  Save file format
    10F10.3

  Save file record length    10000

  Save missing symbol        *


     Beginning Time:  22:12:32
        Ending Time:  22:17:51
       Elapsed Time:  00:05:19



MUTHEN & MUTHEN
3463 Stoner Ave.
Los Angeles, CA  90066

Tel: (310) 391-9971
Fax: (310) 391-8971
Web: www.StatModel.com
Support: Support@StatModel.com

Copyright (c) 1998-2023 Muthen & Muthen
